[0.282s] Invoking command in '/home/lolsondre/dat160_semesterproject/build/ros2_aruco': PYTHONPATH=/home/lolsondre/dat160_semesterproject/build/ros2_aruco/prefix_override:/usr/lib/python3/dist-packages/colcon_core/task/python/colcon_distutils_commands:/home/lolsondre/dat160_semesterproject/install/ros2_aruco/lib/python3.8/site-packages:${PYTHONPATH} /usr/bin/python3 -W ignore:setup.py install is deprecated setup.py develop --editable --build-directory /home/lolsondre/dat160_semesterproject/build/ros2_aruco/build --no-deps symlink_data
[0.379s] running develop
[0.430s] running egg_info
[0.430s] creating ros2_aruco.egg-info
[0.430s] writing ros2_aruco.egg-info/PKG-INFO
[0.430s] writing dependency_links to ros2_aruco.egg-info/dependency_links.txt
[0.430s] writing entry points to ros2_aruco.egg-info/entry_points.txt
[0.430s] writing requirements to ros2_aruco.egg-info/requires.txt
[0.430s] writing top-level names to ros2_aruco.egg-info/top_level.txt
[0.431s] writing manifest file 'ros2_aruco.egg-info/SOURCES.txt'
[0.445s] reading manifest file 'ros2_aruco.egg-info/SOURCES.txt'
[0.446s] writing manifest file 'ros2_aruco.egg-info/SOURCES.txt'
[0.463s] running build_ext
[0.463s] Creating /home/lolsondre/dat160_semesterproject/install/ros2_aruco/lib/python3.8/site-packages/site.py
[0.464s] Creating /home/lolsondre/dat160_semesterproject/install/ros2_aruco/lib/python3.8/site-packages/ros2-aruco.egg-link (link to .)
[0.464s] Installing aruco_generate_marker script to /home/lolsondre/dat160_semesterproject/install/ros2_aruco/lib/ros2_aruco
[0.464s] Installing aruco_node script to /home/lolsondre/dat160_semesterproject/install/ros2_aruco/lib/ros2_aruco
[0.464s] 
[0.464s] Installed /home/lolsondre/dat160_semesterproject/build/ros2_aruco
[0.464s] running symlink_data
[0.464s] creating /home/lolsondre/dat160_semesterproject/install/ros2_aruco/share/ament_index
[0.464s] creating /home/lolsondre/dat160_semesterproject/install/ros2_aruco/share/ament_index/resource_index
[0.464s] creating /home/lolsondre/dat160_semesterproject/install/ros2_aruco/share/ament_index/resource_index/packages
[0.464s] symbolically linking /home/lolsondre/dat160_semesterproject/build/ros2_aruco/resource/ros2_aruco -> /home/lolsondre/dat160_semesterproject/install/ros2_aruco/share/ament_index/resource_index/packages
[0.464s] symbolically linking /home/lolsondre/dat160_semesterproject/build/ros2_aruco/package.xml -> /home/lolsondre/dat160_semesterproject/install/ros2_aruco/share/ros2_aruco
[0.464s] creating /home/lolsondre/dat160_semesterproject/install/ros2_aruco/share/ros2_aruco/launch
[0.465s] symbolically linking /home/lolsondre/dat160_semesterproject/build/ros2_aruco/launch/aruco_recognition.launch.py -> /home/lolsondre/dat160_semesterproject/install/ros2_aruco/share/ros2_aruco/launch
[0.465s] creating /home/lolsondre/dat160_semesterproject/install/ros2_aruco/share/ros2_aruco/config
[0.465s] symbolically linking /home/lolsondre/dat160_semesterproject/build/ros2_aruco/config/aruco_parameters.yaml -> /home/lolsondre/dat160_semesterproject/install/ros2_aruco/share/ros2_aruco/config
[0.478s] Invoked command in '/home/lolsondre/dat160_semesterproject/build/ros2_aruco' returned '0': PYTHONPATH=/home/lolsondre/dat160_semesterproject/build/ros2_aruco/prefix_override:/usr/lib/python3/dist-packages/colcon_core/task/python/colcon_distutils_commands:/home/lolsondre/dat160_semesterproject/install/ros2_aruco/lib/python3.8/site-packages:${PYTHONPATH} /usr/bin/python3 -W ignore:setup.py install is deprecated setup.py develop --editable --build-directory /home/lolsondre/dat160_semesterproject/build/ros2_aruco/build --no-deps symlink_data
