running develop
running egg_info
creating multi_robot_challenge_23.egg-info
writing multi_robot_challenge_23.egg-info/PKG-INFO
writing dependency_links to multi_robot_challenge_23.egg-info/dependency_links.txt
writing entry points to multi_robot_challenge_23.egg-info/entry_points.txt
writing requirements to multi_robot_challenge_23.egg-info/requires.txt
writing top-level names to multi_robot_challenge_23.egg-info/top_level.txt
writing manifest file 'multi_robot_challenge_23.egg-info/SOURCES.txt'
reading manifest file 'multi_robot_challenge_23.egg-info/SOURCES.txt'
writing manifest file 'multi_robot_challenge_23.egg-info/SOURCES.txt'
running build_ext
Creating /home/lolsondre/dat160_semesterproject/install/multi_robot_challenge_23/lib/python3.8/site-packages/site.py
Creating /home/lolsondre/dat160_semesterproject/install/multi_robot_challenge_23/lib/python3.8/site-packages/multi-robot-challenge-23.egg-link (link to .)
Installing leader script to /home/lolsondre/dat160_semesterproject/install/multi_robot_challenge_23/lib/multi_robot_challenge_23
Installing marker_recognition script to /home/lolsondre/dat160_semesterproject/install/multi_robot_challenge_23/lib/multi_robot_challenge_23
Installing robot_handler script to /home/lolsondre/dat160_semesterproject/install/multi_robot_challenge_23/lib/multi_robot_challenge_23

Installed /home/lolsondre/dat160_semesterproject/build/multi_robot_challenge_23
running symlink_data
creating /home/lolsondre/dat160_semesterproject/install/multi_robot_challenge_23/share/ament_index
creating /home/lolsondre/dat160_semesterproject/install/multi_robot_challenge_23/share/ament_index/resource_index
creating /home/lolsondre/dat160_semesterproject/install/multi_robot_challenge_23/share/ament_index/resource_index/packages
symbolically linking /home/lolsondre/dat160_semesterproject/build/multi_robot_challenge_23/resource/multi_robot_challenge_23 -> /home/lolsondre/dat160_semesterproject/install/multi_robot_challenge_23/share/ament_index/resource_index/packages
symbolically linking /home/lolsondre/dat160_semesterproject/build/multi_robot_challenge_23/package.xml -> /home/lolsondre/dat160_semesterproject/install/multi_robot_challenge_23/share/multi_robot_challenge_23
creating /home/lolsondre/dat160_semesterproject/install/multi_robot_challenge_23/share/multi_robot_challenge_23/launch
symbolically linking /home/lolsondre/dat160_semesterproject/build/multi_robot_challenge_23/launch/rescue_robots_w1.launch.py -> /home/lolsondre/dat160_semesterproject/install/multi_robot_challenge_23/share/multi_robot_challenge_23/launch
symbolically linking /home/lolsondre/dat160_semesterproject/build/multi_robot_challenge_23/launch/rescue_robots_w2.launch.py -> /home/lolsondre/dat160_semesterproject/install/multi_robot_challenge_23/share/multi_robot_challenge_23/launch
symbolically linking /home/lolsondre/dat160_semesterproject/build/multi_robot_challenge_23/launch/aruco_recognition.launch.py -> /home/lolsondre/dat160_semesterproject/install/multi_robot_challenge_23/share/multi_robot_challenge_23/launch
symbolically linking /home/lolsondre/dat160_semesterproject/build/multi_robot_challenge_23/launch/rescue_robots_w4.launch.py -> /home/lolsondre/dat160_semesterproject/install/multi_robot_challenge_23/share/multi_robot_challenge_23/launch
symbolically linking /home/lolsondre/dat160_semesterproject/build/multi_robot_challenge_23/launch/namespace_test.launch.py -> /home/lolsondre/dat160_semesterproject/install/multi_robot_challenge_23/share/multi_robot_challenge_23/launch
symbolically linking /home/lolsondre/dat160_semesterproject/build/multi_robot_challenge_23/launch/rescue_robots_w5.launch.py -> /home/lolsondre/dat160_semesterproject/install/multi_robot_challenge_23/share/multi_robot_challenge_23/launch
symbolically linking /home/lolsondre/dat160_semesterproject/build/multi_robot_challenge_23/launch/rescue_robots_w3.launch.py -> /home/lolsondre/dat160_semesterproject/install/multi_robot_challenge_23/share/multi_robot_challenge_23/launch
symbolically linking /home/lolsondre/dat160_semesterproject/build/multi_robot_challenge_23/launch/spawn_robot.launch.py -> /home/lolsondre/dat160_semesterproject/install/multi_robot_challenge_23/share/multi_robot_challenge_23/launch
creating /home/lolsondre/dat160_semesterproject/install/multi_robot_challenge_23/share/multi_robot_challenge_23/worlds
symbolically linking /home/lolsondre/dat160_semesterproject/build/multi_robot_challenge_23/worlds/dat160_w3.world -> /home/lolsondre/dat160_semesterproject/install/multi_robot_challenge_23/share/multi_robot_challenge_23/worlds
symbolically linking /home/lolsondre/dat160_semesterproject/build/multi_robot_challenge_23/worlds/dat160_w4.world -> /home/lolsondre/dat160_semesterproject/install/multi_robot_challenge_23/share/multi_robot_challenge_23/worlds
symbolically linking /home/lolsondre/dat160_semesterproject/build/multi_robot_challenge_23/worlds/dat160_w1.world -> /home/lolsondre/dat160_semesterproject/install/multi_robot_challenge_23/share/multi_robot_challenge_23/worlds
symbolically linking /home/lolsondre/dat160_semesterproject/build/multi_robot_challenge_23/worlds/dat160_w5.world -> /home/lolsondre/dat160_semesterproject/install/multi_robot_challenge_23/share/multi_robot_challenge_23/worlds
symbolically linking /home/lolsondre/dat160_semesterproject/build/multi_robot_challenge_23/worlds/dat160_w2.world -> /home/lolsondre/dat160_semesterproject/install/multi_robot_challenge_23/share/multi_robot_challenge_23/worlds
creating /home/lolsondre/dat160_semesterproject/install/multi_robot_challenge_23/share/multi_robot_challenge_23/rviz
symbolically linking /home/lolsondre/dat160_semesterproject/build/multi_robot_challenge_23/rviz/model.rviz -> /home/lolsondre/dat160_semesterproject/install/multi_robot_challenge_23/share/multi_robot_challenge_23/rviz
creating /home/lolsondre/dat160_semesterproject/install/multi_robot_challenge_23/share/multi_robot_challenge_23/urdf
symbolically linking /home/lolsondre/dat160_semesterproject/build/multi_robot_challenge_23/urdf/common_properties.xacro -> /home/lolsondre/dat160_semesterproject/install/multi_robot_challenge_23/share/multi_robot_challenge_23/urdf
symbolically linking /home/lolsondre/dat160_semesterproject/build/multi_robot_challenge_23/urdf/turtlebot3_waffle_pi.urdf.xacro -> /home/lolsondre/dat160_semesterproject/install/multi_robot_challenge_23/share/multi_robot_challenge_23/urdf
symbolically linking /home/lolsondre/dat160_semesterproject/build/multi_robot_challenge_23/urdf/turtlebot3_waffle_pi.gazebo.xacro -> /home/lolsondre/dat160_semesterproject/install/multi_robot_challenge_23/share/multi_robot_challenge_23/urdf
creating /home/lolsondre/dat160_semesterproject/install/multi_robot_challenge_23/share/multi_robot_challenge_23/maps
symbolically linking /home/lolsondre/dat160_semesterproject/build/multi_robot_challenge_23/maps/map_dat160_w3.yaml -> /home/lolsondre/dat160_semesterproject/install/multi_robot_challenge_23/share/multi_robot_challenge_23/maps
symbolically linking /home/lolsondre/dat160_semesterproject/build/multi_robot_challenge_23/maps/map_dat160_w5.png -> /home/lolsondre/dat160_semesterproject/install/multi_robot_challenge_23/share/multi_robot_challenge_23/maps
symbolically linking /home/lolsondre/dat160_semesterproject/build/multi_robot_challenge_23/maps/map_dat160_w4.png -> /home/lolsondre/dat160_semesterproject/install/multi_robot_challenge_23/share/multi_robot_challenge_23/maps
symbolically linking /home/lolsondre/dat160_semesterproject/build/multi_robot_challenge_23/maps/map_dat160_w2.yaml -> /home/lolsondre/dat160_semesterproject/install/multi_robot_challenge_23/share/multi_robot_challenge_23/maps
symbolically linking /home/lolsondre/dat160_semesterproject/build/multi_robot_challenge_23/maps/map_dat160_w5.yaml -> /home/lolsondre/dat160_semesterproject/install/multi_robot_challenge_23/share/multi_robot_challenge_23/maps
symbolically linking /home/lolsondre/dat160_semesterproject/build/multi_robot_challenge_23/maps/map_dat160_w4.yaml -> /home/lolsondre/dat160_semesterproject/install/multi_robot_challenge_23/share/multi_robot_challenge_23/maps
symbolically linking /home/lolsondre/dat160_semesterproject/build/multi_robot_challenge_23/maps/map_dat160_w1.png -> /home/lolsondre/dat160_semesterproject/install/multi_robot_challenge_23/share/multi_robot_challenge_23/maps
symbolically linking /home/lolsondre/dat160_semesterproject/build/multi_robot_challenge_23/maps/map_dat160_w2.png -> /home/lolsondre/dat160_semesterproject/install/multi_robot_challenge_23/share/multi_robot_challenge_23/maps
symbolically linking /home/lolsondre/dat160_semesterproject/build/multi_robot_challenge_23/maps/map_dat160_w1.yaml -> /home/lolsondre/dat160_semesterproject/install/multi_robot_challenge_23/share/multi_robot_challenge_23/maps
symbolically linking /home/lolsondre/dat160_semesterproject/build/multi_robot_challenge_23/maps/map_dat160_w3.png -> /home/lolsondre/dat160_semesterproject/install/multi_robot_challenge_23/share/multi_robot_challenge_23/maps
