[0.320s] Invoking command in '/home/lolsondre/dat160_semesterproject/build/multi_robot_challenge_23': PYTHONPATH=/home/lolsondre/dat160_semesterproject/build/multi_robot_challenge_23/prefix_override:/usr/lib/python3/dist-packages/colcon_core/task/python/colcon_distutils_commands:/home/lolsondre/dat160_semesterproject/install/multi_robot_challenge_23/lib/python3.8/site-packages:${PYTHONPATH} /usr/bin/python3 -W ignore:setup.py install is deprecated setup.py develop --editable --build-directory /home/lolsondre/dat160_semesterproject/build/multi_robot_challenge_23/build --no-deps symlink_data
[0.421s] running develop
[0.472s] running egg_info
[0.472s] creating multi_robot_challenge_23.egg-info
[0.472s] writing multi_robot_challenge_23.egg-info/PKG-INFO
[0.472s] writing dependency_links to multi_robot_challenge_23.egg-info/dependency_links.txt
[0.472s] writing entry points to multi_robot_challenge_23.egg-info/entry_points.txt
[0.472s] writing requirements to multi_robot_challenge_23.egg-info/requires.txt
[0.472s] writing top-level names to multi_robot_challenge_23.egg-info/top_level.txt
[0.472s] writing manifest file 'multi_robot_challenge_23.egg-info/SOURCES.txt'
[0.484s] reading manifest file 'multi_robot_challenge_23.egg-info/SOURCES.txt'
[0.485s] writing manifest file 'multi_robot_challenge_23.egg-info/SOURCES.txt'
[0.501s] running build_ext
[0.501s] Creating /home/lolsondre/dat160_semesterproject/install/multi_robot_challenge_23/lib/python3.8/site-packages/site.py
[0.502s] Creating /home/lolsondre/dat160_semesterproject/install/multi_robot_challenge_23/lib/python3.8/site-packages/multi-robot-challenge-23.egg-link (link to .)
[0.504s] Installing leader script to /home/lolsondre/dat160_semesterproject/install/multi_robot_challenge_23/lib/multi_robot_challenge_23
[0.504s] Installing marker_recognition script to /home/lolsondre/dat160_semesterproject/install/multi_robot_challenge_23/lib/multi_robot_challenge_23
[0.504s] Installing robot_handler script to /home/lolsondre/dat160_semesterproject/install/multi_robot_challenge_23/lib/multi_robot_challenge_23
[0.504s] 
[0.504s] Installed /home/lolsondre/dat160_semesterproject/build/multi_robot_challenge_23
[0.504s] running symlink_data
[0.504s] creating /home/lolsondre/dat160_semesterproject/install/multi_robot_challenge_23/share/ament_index
[0.504s] creating /home/lolsondre/dat160_semesterproject/install/multi_robot_challenge_23/share/ament_index/resource_index
[0.504s] creating /home/lolsondre/dat160_semesterproject/install/multi_robot_challenge_23/share/ament_index/resource_index/packages
[0.504s] symbolically linking /home/lolsondre/dat160_semesterproject/build/multi_robot_challenge_23/resource/multi_robot_challenge_23 -> /home/lolsondre/dat160_semesterproject/install/multi_robot_challenge_23/share/ament_index/resource_index/packages
[0.505s] symbolically linking /home/lolsondre/dat160_semesterproject/build/multi_robot_challenge_23/package.xml -> /home/lolsondre/dat160_semesterproject/install/multi_robot_challenge_23/share/multi_robot_challenge_23
[0.505s] creating /home/lolsondre/dat160_semesterproject/install/multi_robot_challenge_23/share/multi_robot_challenge_23/launch
[0.505s] symbolically linking /home/lolsondre/dat160_semesterproject/build/multi_robot_challenge_23/launch/rescue_robots_w1.launch.py -> /home/lolsondre/dat160_semesterproject/install/multi_robot_challenge_23/share/multi_robot_challenge_23/launch
[0.505s] symbolically linking /home/lolsondre/dat160_semesterproject/build/multi_robot_challenge_23/launch/rescue_robots_w2.launch.py -> /home/lolsondre/dat160_semesterproject/install/multi_robot_challenge_23/share/multi_robot_challenge_23/launch
[0.505s] symbolically linking /home/lolsondre/dat160_semesterproject/build/multi_robot_challenge_23/launch/aruco_recognition.launch.py -> /home/lolsondre/dat160_semesterproject/install/multi_robot_challenge_23/share/multi_robot_challenge_23/launch
[0.505s] symbolically linking /home/lolsondre/dat160_semesterproject/build/multi_robot_challenge_23/launch/rescue_robots_w4.launch.py -> /home/lolsondre/dat160_semesterproject/install/multi_robot_challenge_23/share/multi_robot_challenge_23/launch
[0.505s] symbolically linking /home/lolsondre/dat160_semesterproject/build/multi_robot_challenge_23/launch/namespace_test.launch.py -> /home/lolsondre/dat160_semesterproject/install/multi_robot_challenge_23/share/multi_robot_challenge_23/launch
[0.505s] symbolically linking /home/lolsondre/dat160_semesterproject/build/multi_robot_challenge_23/launch/rescue_robots_w5.launch.py -> /home/lolsondre/dat160_semesterproject/install/multi_robot_challenge_23/share/multi_robot_challenge_23/launch
[0.505s] symbolically linking /home/lolsondre/dat160_semesterproject/build/multi_robot_challenge_23/launch/rescue_robots_w3.launch.py -> /home/lolsondre/dat160_semesterproject/install/multi_robot_challenge_23/share/multi_robot_challenge_23/launch
[0.505s] symbolically linking /home/lolsondre/dat160_semesterproject/build/multi_robot_challenge_23/launch/spawn_robot.launch.py -> /home/lolsondre/dat160_semesterproject/install/multi_robot_challenge_23/share/multi_robot_challenge_23/launch
[0.505s] creating /home/lolsondre/dat160_semesterproject/install/multi_robot_challenge_23/share/multi_robot_challenge_23/worlds
[0.505s] symbolically linking /home/lolsondre/dat160_semesterproject/build/multi_robot_challenge_23/worlds/dat160_w3.world -> /home/lolsondre/dat160_semesterproject/install/multi_robot_challenge_23/share/multi_robot_challenge_23/worlds
[0.505s] symbolically linking /home/lolsondre/dat160_semesterproject/build/multi_robot_challenge_23/worlds/dat160_w4.world -> /home/lolsondre/dat160_semesterproject/install/multi_robot_challenge_23/share/multi_robot_challenge_23/worlds
[0.505s] symbolically linking /home/lolsondre/dat160_semesterproject/build/multi_robot_challenge_23/worlds/dat160_w1.world -> /home/lolsondre/dat160_semesterproject/install/multi_robot_challenge_23/share/multi_robot_challenge_23/worlds
[0.505s] symbolically linking /home/lolsondre/dat160_semesterproject/build/multi_robot_challenge_23/worlds/dat160_w5.world -> /home/lolsondre/dat160_semesterproject/install/multi_robot_challenge_23/share/multi_robot_challenge_23/worlds
[0.505s] symbolically linking /home/lolsondre/dat160_semesterproject/build/multi_robot_challenge_23/worlds/dat160_w2.world -> /home/lolsondre/dat160_semesterproject/install/multi_robot_challenge_23/share/multi_robot_challenge_23/worlds
[0.505s] creating /home/lolsondre/dat160_semesterproject/install/multi_robot_challenge_23/share/multi_robot_challenge_23/rviz
[0.505s] symbolically linking /home/lolsondre/dat160_semesterproject/build/multi_robot_challenge_23/rviz/model.rviz -> /home/lolsondre/dat160_semesterproject/install/multi_robot_challenge_23/share/multi_robot_challenge_23/rviz
[0.505s] creating /home/lolsondre/dat160_semesterproject/install/multi_robot_challenge_23/share/multi_robot_challenge_23/urdf
[0.505s] symbolically linking /home/lolsondre/dat160_semesterproject/build/multi_robot_challenge_23/urdf/common_properties.xacro -> /home/lolsondre/dat160_semesterproject/install/multi_robot_challenge_23/share/multi_robot_challenge_23/urdf
[0.505s] symbolically linking /home/lolsondre/dat160_semesterproject/build/multi_robot_challenge_23/urdf/turtlebot3_waffle_pi.urdf.xacro -> /home/lolsondre/dat160_semesterproject/install/multi_robot_challenge_23/share/multi_robot_challenge_23/urdf
[0.505s] symbolically linking /home/lolsondre/dat160_semesterproject/build/multi_robot_challenge_23/urdf/turtlebot3_waffle_pi.gazebo.xacro -> /home/lolsondre/dat160_semesterproject/install/multi_robot_challenge_23/share/multi_robot_challenge_23/urdf
[0.505s] creating /home/lolsondre/dat160_semesterproject/install/multi_robot_challenge_23/share/multi_robot_challenge_23/maps
[0.505s] symbolically linking /home/lolsondre/dat160_semesterproject/build/multi_robot_challenge_23/maps/map_dat160_w3.yaml -> /home/lolsondre/dat160_semesterproject/install/multi_robot_challenge_23/share/multi_robot_challenge_23/maps
[0.505s] symbolically linking /home/lolsondre/dat160_semesterproject/build/multi_robot_challenge_23/maps/map_dat160_w5.png -> /home/lolsondre/dat160_semesterproject/install/multi_robot_challenge_23/share/multi_robot_challenge_23/maps
[0.505s] symbolically linking /home/lolsondre/dat160_semesterproject/build/multi_robot_challenge_23/maps/map_dat160_w4.png -> /home/lolsondre/dat160_semesterproject/install/multi_robot_challenge_23/share/multi_robot_challenge_23/maps
[0.505s] symbolically linking /home/lolsondre/dat160_semesterproject/build/multi_robot_challenge_23/maps/map_dat160_w2.yaml -> /home/lolsondre/dat160_semesterproject/install/multi_robot_challenge_23/share/multi_robot_challenge_23/maps
[0.505s] symbolically linking /home/lolsondre/dat160_semesterproject/build/multi_robot_challenge_23/maps/map_dat160_w5.yaml -> /home/lolsondre/dat160_semesterproject/install/multi_robot_challenge_23/share/multi_robot_challenge_23/maps
[0.505s] symbolically linking /home/lolsondre/dat160_semesterproject/build/multi_robot_challenge_23/maps/map_dat160_w4.yaml -> /home/lolsondre/dat160_semesterproject/install/multi_robot_challenge_23/share/multi_robot_challenge_23/maps
[0.505s] symbolically linking /home/lolsondre/dat160_semesterproject/build/multi_robot_challenge_23/maps/map_dat160_w1.png -> /home/lolsondre/dat160_semesterproject/install/multi_robot_challenge_23/share/multi_robot_challenge_23/maps
[0.505s] symbolically linking /home/lolsondre/dat160_semesterproject/build/multi_robot_challenge_23/maps/map_dat160_w2.png -> /home/lolsondre/dat160_semesterproject/install/multi_robot_challenge_23/share/multi_robot_challenge_23/maps
[0.505s] symbolically linking /home/lolsondre/dat160_semesterproject/build/multi_robot_challenge_23/maps/map_dat160_w1.yaml -> /home/lolsondre/dat160_semesterproject/install/multi_robot_challenge_23/share/multi_robot_challenge_23/maps
[0.505s] symbolically linking /home/lolsondre/dat160_semesterproject/build/multi_robot_challenge_23/maps/map_dat160_w3.png -> /home/lolsondre/dat160_semesterproject/install/multi_robot_challenge_23/share/multi_robot_challenge_23/maps
[0.517s] Invoked command in '/home/lolsondre/dat160_semesterproject/build/multi_robot_challenge_23' returned '0': PYTHONPATH=/home/lolsondre/dat160_semesterproject/build/multi_robot_challenge_23/prefix_override:/usr/lib/python3/dist-packages/colcon_core/task/python/colcon_distutils_commands:/home/lolsondre/dat160_semesterproject/install/multi_robot_challenge_23/lib/python3.8/site-packages:${PYTHONPATH} /usr/bin/python3 -W ignore:setup.py install is deprecated setup.py develop --editable --build-directory /home/lolsondre/dat160_semesterproject/build/multi_robot_challenge_23/build --no-deps symlink_data
