running develop
running egg_info
creating bug2_navigation.egg-info
writing bug2_navigation.egg-info/PKG-INFO
writing dependency_links to bug2_navigation.egg-info/dependency_links.txt
writing entry points to bug2_navigation.egg-info/entry_points.txt
writing requirements to bug2_navigation.egg-info/requires.txt
writing top-level names to bug2_navigation.egg-info/top_level.txt
writing manifest file 'bug2_navigation.egg-info/SOURCES.txt'
reading manifest file 'bug2_navigation.egg-info/SOURCES.txt'
writing manifest file 'bug2_navigation.egg-info/SOURCES.txt'
running build_ext
Creating /home/lolsondre/dat160_semesterproject/install/bug2_navigation/lib/python3.8/site-packages/site.py
Creating /home/lolsondre/dat160_semesterproject/install/bug2_navigation/lib/python3.8/site-packages/bug2-navigation.egg-link (link to .)
Installing bug2_navigation script to /home/lolsondre/dat160_semesterproject/install/bug2_navigation/lib/bug2_navigation
Installing go_to_point script to /home/lolsondre/dat160_semesterproject/install/bug2_navigation/lib/bug2_navigation
Installing wall_follower script to /home/lolsondre/dat160_semesterproject/install/bug2_navigation/lib/bug2_navigation

Installed /home/lolsondre/dat160_semesterproject/build/bug2_navigation
running symlink_data
creating /home/lolsondre/dat160_semesterproject/install/bug2_navigation/share/ament_index
creating /home/lolsondre/dat160_semesterproject/install/bug2_navigation/share/ament_index/resource_index
creating /home/lolsondre/dat160_semesterproject/install/bug2_navigation/share/ament_index/resource_index/packages
symbolically linking /home/lolsondre/dat160_semesterproject/build/bug2_navigation/resource/bug2_navigation -> /home/lolsondre/dat160_semesterproject/install/bug2_navigation/share/ament_index/resource_index/packages
symbolically linking /home/lolsondre/dat160_semesterproject/build/bug2_navigation/package.xml -> /home/lolsondre/dat160_semesterproject/install/bug2_navigation/share/bug2_navigation
creating /home/lolsondre/dat160_semesterproject/install/bug2_navigation/share/bug2_navigation/launch
symbolically linking /home/lolsondre/dat160_semesterproject/build/bug2_navigation/launch/spawn_robot_maze.launch.py -> /home/lolsondre/dat160_semesterproject/install/bug2_navigation/share/bug2_navigation/launch
symbolically linking /home/lolsondre/dat160_semesterproject/build/bug2_navigation/launch/controller.launch.py -> /home/lolsondre/dat160_semesterproject/install/bug2_navigation/share/bug2_navigation/launch
symbolically linking /home/lolsondre/dat160_semesterproject/build/bug2_navigation/launch/spawn_robot.launch.py -> /home/lolsondre/dat160_semesterproject/install/bug2_navigation/share/bug2_navigation/launch
creating /home/lolsondre/dat160_semesterproject/install/bug2_navigation/share/bug2_navigation/worlds
symbolically linking /home/lolsondre/dat160_semesterproject/build/bug2_navigation/worlds/maze_nofloor.world -> /home/lolsondre/dat160_semesterproject/install/bug2_navigation/share/bug2_navigation/worlds
symbolically linking /home/lolsondre/dat160_semesterproject/build/bug2_navigation/worlds/bug_2_exercise.world -> /home/lolsondre/dat160_semesterproject/install/bug2_navigation/share/bug2_navigation/worlds
symbolically linking /home/lolsondre/dat160_semesterproject/build/bug2_navigation/worlds/maze.world -> /home/lolsondre/dat160_semesterproject/install/bug2_navigation/share/bug2_navigation/worlds
creating /home/lolsondre/dat160_semesterproject/install/bug2_navigation/share/bug2_navigation/rviz
symbolically linking /home/lolsondre/dat160_semesterproject/build/bug2_navigation/rviz/model.rviz -> /home/lolsondre/dat160_semesterproject/install/bug2_navigation/share/bug2_navigation/rviz
