[0.299s] Invoking command in '/home/lolsondre/dat160_semesterproject/build/bug2_navigation': CMAKE_PREFIX_PATH=/home/lolsondre/dat160_semesterproject/install/bug2_interfaces:/home/lolsondre/dat160_semesterproject/install/scoring_interfaces:/home/lolsondre/dat160_semesterproject/install/ros2_aruco_interfaces LD_LIBRARY_PATH=/home/lolsondre/dat160_semesterproject/install/bug2_interfaces/lib:/home/lolsondre/dat160_semesterproject/install/scoring_interfaces/lib:/home/lolsondre/dat160_semesterproject/install/ros2_aruco_interfaces/lib:/usr/lib/aarch64-linux-gnu/gazebo-11/plugins:/opt/ros/foxy/opt/yaml_cpp_vendor/lib:/opt/ros/foxy/opt/rviz_ogre_vendor/lib:/opt/ros/foxy/lib/aarch64-linux-gnu:/opt/ros/foxy/lib PYTHONPATH=/home/lolsondre/dat160_semesterproject/build/bug2_navigation/prefix_override:/usr/lib/python3/dist-packages/colcon_core/task/python/colcon_distutils_commands:/home/lolsondre/dat160_semesterproject/install/bug2_navigation/lib/python3.8/site-packages:/home/lolsondre/dat160_semesterproject/install/bug2_interfaces/lib/python3.8/site-packages:/home/lolsondre/dat160_semesterproject/install/scoring_interfaces/lib/python3.8/site-packages:/home/lolsondre/dat160_semesterproject/build/scoring:/home/lolsondre/dat160_semesterproject/install/scoring/lib/python3.8/site-packages:/home/lolsondre/dat160_semesterproject/install/ros2_aruco_interfaces/lib/python3.8/site-packages:/home/lolsondre/dat160_semesterproject/build/ros2_aruco:/home/lolsondre/dat160_semesterproject/install/ros2_aruco/lib/python3.8/site-packages:/home/lolsondre/dat160_semesterproject/build/multi_robot_challenge_23:/home/lolsondre/dat160_semesterproject/install/multi_robot_challenge_23/lib/python3.8/site-packages:/home/lolsondre/dat160_semesterproject/build/bug2_navigation:/home/lolsondre/dat160_semesterproject/install/bug2_navigation/lib/python3.8/site-packages:/opt/ros/foxy/lib/python3.8/site-packages /usr/bin/python3 -W ignore:setup.py install is deprecated setup.py develop --editable --build-directory /home/lolsondre/dat160_semesterproject/build/bug2_navigation/build --no-deps symlink_data
[0.415s] running develop
[0.466s] running egg_info
[0.466s] creating bug2_navigation.egg-info
[0.466s] writing bug2_navigation.egg-info/PKG-INFO
[0.466s] writing dependency_links to bug2_navigation.egg-info/dependency_links.txt
[0.467s] writing entry points to bug2_navigation.egg-info/entry_points.txt
[0.467s] writing requirements to bug2_navigation.egg-info/requires.txt
[0.467s] writing top-level names to bug2_navigation.egg-info/top_level.txt
[0.467s] writing manifest file 'bug2_navigation.egg-info/SOURCES.txt'
[0.482s] reading manifest file 'bug2_navigation.egg-info/SOURCES.txt'
[0.482s] writing manifest file 'bug2_navigation.egg-info/SOURCES.txt'
[0.500s] running build_ext
[0.500s] Creating /home/lolsondre/dat160_semesterproject/install/bug2_navigation/lib/python3.8/site-packages/site.py
[0.501s] Creating /home/lolsondre/dat160_semesterproject/install/bug2_navigation/lib/python3.8/site-packages/bug2-navigation.egg-link (link to .)
[0.502s] Installing bug2_navigation script to /home/lolsondre/dat160_semesterproject/install/bug2_navigation/lib/bug2_navigation
[0.502s] Installing go_to_point script to /home/lolsondre/dat160_semesterproject/install/bug2_navigation/lib/bug2_navigation
[0.502s] Installing wall_follower script to /home/lolsondre/dat160_semesterproject/install/bug2_navigation/lib/bug2_navigation
[0.502s] 
[0.502s] Installed /home/lolsondre/dat160_semesterproject/build/bug2_navigation
[0.502s] running symlink_data
[0.502s] creating /home/lolsondre/dat160_semesterproject/install/bug2_navigation/share/ament_index
[0.502s] creating /home/lolsondre/dat160_semesterproject/install/bug2_navigation/share/ament_index/resource_index
[0.502s] creating /home/lolsondre/dat160_semesterproject/install/bug2_navigation/share/ament_index/resource_index/packages
[0.502s] symbolically linking /home/lolsondre/dat160_semesterproject/build/bug2_navigation/resource/bug2_navigation -> /home/lolsondre/dat160_semesterproject/install/bug2_navigation/share/ament_index/resource_index/packages
[0.502s] symbolically linking /home/lolsondre/dat160_semesterproject/build/bug2_navigation/package.xml -> /home/lolsondre/dat160_semesterproject/install/bug2_navigation/share/bug2_navigation
[0.503s] creating /home/lolsondre/dat160_semesterproject/install/bug2_navigation/share/bug2_navigation/launch
[0.503s] symbolically linking /home/lolsondre/dat160_semesterproject/build/bug2_navigation/launch/spawn_robot_maze.launch.py -> /home/lolsondre/dat160_semesterproject/install/bug2_navigation/share/bug2_navigation/launch
[0.503s] symbolically linking /home/lolsondre/dat160_semesterproject/build/bug2_navigation/launch/controller.launch.py -> /home/lolsondre/dat160_semesterproject/install/bug2_navigation/share/bug2_navigation/launch
[0.503s] symbolically linking /home/lolsondre/dat160_semesterproject/build/bug2_navigation/launch/spawn_robot.launch.py -> /home/lolsondre/dat160_semesterproject/install/bug2_navigation/share/bug2_navigation/launch
[0.503s] creating /home/lolsondre/dat160_semesterproject/install/bug2_navigation/share/bug2_navigation/worlds
[0.503s] symbolically linking /home/lolsondre/dat160_semesterproject/build/bug2_navigation/worlds/maze_nofloor.world -> /home/lolsondre/dat160_semesterproject/install/bug2_navigation/share/bug2_navigation/worlds
[0.503s] symbolically linking /home/lolsondre/dat160_semesterproject/build/bug2_navigation/worlds/bug_2_exercise.world -> /home/lolsondre/dat160_semesterproject/install/bug2_navigation/share/bug2_navigation/worlds
[0.503s] symbolically linking /home/lolsondre/dat160_semesterproject/build/bug2_navigation/worlds/maze.world -> /home/lolsondre/dat160_semesterproject/install/bug2_navigation/share/bug2_navigation/worlds
[0.503s] creating /home/lolsondre/dat160_semesterproject/install/bug2_navigation/share/bug2_navigation/rviz
[0.503s] symbolically linking /home/lolsondre/dat160_semesterproject/build/bug2_navigation/rviz/model.rviz -> /home/lolsondre/dat160_semesterproject/install/bug2_navigation/share/bug2_navigation/rviz
[0.520s] Invoked command in '/home/lolsondre/dat160_semesterproject/build/bug2_navigation' returned '0': CMAKE_PREFIX_PATH=/home/lolsondre/dat160_semesterproject/install/bug2_interfaces:/home/lolsondre/dat160_semesterproject/install/scoring_interfaces:/home/lolsondre/dat160_semesterproject/install/ros2_aruco_interfaces LD_LIBRARY_PATH=/home/lolsondre/dat160_semesterproject/install/bug2_interfaces/lib:/home/lolsondre/dat160_semesterproject/install/scoring_interfaces/lib:/home/lolsondre/dat160_semesterproject/install/ros2_aruco_interfaces/lib:/usr/lib/aarch64-linux-gnu/gazebo-11/plugins:/opt/ros/foxy/opt/yaml_cpp_vendor/lib:/opt/ros/foxy/opt/rviz_ogre_vendor/lib:/opt/ros/foxy/lib/aarch64-linux-gnu:/opt/ros/foxy/lib PYTHONPATH=/home/lolsondre/dat160_semesterproject/build/bug2_navigation/prefix_override:/usr/lib/python3/dist-packages/colcon_core/task/python/colcon_distutils_commands:/home/lolsondre/dat160_semesterproject/install/bug2_navigation/lib/python3.8/site-packages:/home/lolsondre/dat160_semesterproject/install/bug2_interfaces/lib/python3.8/site-packages:/home/lolsondre/dat160_semesterproject/install/scoring_interfaces/lib/python3.8/site-packages:/home/lolsondre/dat160_semesterproject/build/scoring:/home/lolsondre/dat160_semesterproject/install/scoring/lib/python3.8/site-packages:/home/lolsondre/dat160_semesterproject/install/ros2_aruco_interfaces/lib/python3.8/site-packages:/home/lolsondre/dat160_semesterproject/build/ros2_aruco:/home/lolsondre/dat160_semesterproject/install/ros2_aruco/lib/python3.8/site-packages:/home/lolsondre/dat160_semesterproject/build/multi_robot_challenge_23:/home/lolsondre/dat160_semesterproject/install/multi_robot_challenge_23/lib/python3.8/site-packages:/home/lolsondre/dat160_semesterproject/build/bug2_navigation:/home/lolsondre/dat160_semesterproject/install/bug2_navigation/lib/python3.8/site-packages:/opt/ros/foxy/lib/python3.8/site-packages /usr/bin/python3 -W ignore:setup.py install is deprecated setup.py develop --editable --build-directory /home/lolsondre/dat160_semesterproject/build/bug2_navigation/build --no-deps symlink_data
