[0.009s] Invoking command in '/home/lolsondre/dat160_semesterproject/build/bug2_interfaces': CMAKE_PREFIX_PATH=${CMAKE_PREFIX_PATH}:/home/lolsondre/dat160_semesterproject/install/scoring:/home/lolsondre/dat160_semesterproject/install/ros2_aruco:/home/lolsondre/dat160_semesterproject/install/multi_robot_challenge_23:/home/lolsondre/dat160_semesterproject/install/bug2_navigation:/opt/ros/foxy /usr/bin/cmake /home/lolsondre/dat160_semesterproject/src/bug2_interfaces -DAMENT_CMAKE_SYMLINK_INSTALL=1 -DCMAKE_INSTALL_PREFIX=/home/lolsondre/dat160_semesterproject/install/bug2_interfaces
[0.068s] -- The C compiler identification is GNU 9.4.0
[0.116s] -- The CXX compiler identification is GNU 9.4.0
[0.118s] -- Check for working C compiler: /usr/bin/cc
[0.160s] -- Check for working C compiler: /usr/bin/cc -- works
[0.160s] -- Detecting C compiler ABI info
[0.196s] -- Detecting C compiler ABI info - done
[0.201s] -- Detecting C compile features
[0.201s] -- Detecting C compile features - done
[0.203s] -- Check for working CXX compiler: /usr/bin/c++
[0.240s] -- Check for working CXX compiler: /usr/bin/c++ -- works
[0.241s] -- Detecting CXX compiler ABI info
[0.284s] -- Detecting CXX compiler ABI info - done
[0.289s] -- Detecting CXX compile features
[0.289s] -- Detecting CXX compile features - done
[0.291s] -- Found ament_cmake: 0.9.12 (/opt/ros/foxy/share/ament_cmake/cmake)
[0.306s] -- Found PythonInterp: /usr/bin/python3 (found suitable version "3.8.10", minimum required is "3") 
[0.306s] -- Using PYTHON_EXECUTABLE: /usr/bin/python3
[0.384s] -- Override CMake install command with custom implementation using symlinks instead of copying resources
[0.397s] -- Found geometry_msgs: 2.0.5 (/opt/ros/foxy/share/geometry_msgs/cmake)
[0.415s] -- Using all available rosidl_typesupport_c: rosidl_typesupport_fastrtps_c;rosidl_typesupport_introspection_c
[0.419s] -- Found rosidl_adapter: 1.3.1 (/opt/ros/foxy/share/rosidl_adapter/cmake)
[0.462s] -- Found OpenSSL: /usr/lib/aarch64-linux-gnu/libcrypto.so (found version "1.1.1f")  
[0.479s] -- Found FastRTPS: /opt/ros/foxy/include  
[0.526s] -- Using all available rosidl_typesupport_cpp: rosidl_typesupport_fastrtps_cpp;rosidl_typesupport_introspection_cpp
[0.577s] -- Found rosidl_default_generators: 1.0.1 (/opt/ros/foxy/share/rosidl_default_generators/cmake)
[0.584s] -- Found ament_lint_auto: 0.9.8 (/opt/ros/foxy/share/ament_lint_auto/cmake)
[0.646s] -- Found PythonInterp: /usr/bin/python3 (found version "3.8.10") 
[0.704s] -- Found ament_cmake_ros: 0.9.2 (/opt/ros/foxy/share/ament_cmake_ros/cmake)
[0.834s] -- Using all available rosidl_typesupport_c: rosidl_typesupport_fastrtps_c;rosidl_typesupport_introspection_c
[0.887s] -- Using all available rosidl_typesupport_cpp: rosidl_typesupport_fastrtps_cpp;rosidl_typesupport_introspection_cpp
[0.905s] -- Found PythonInterp: /usr/bin/python3 (found suitable version "3.8.10", minimum required is "3.5") 
[0.905s] -- Found python_cmake_module: 0.8.1 (/opt/ros/foxy/share/python_cmake_module/cmake)
[0.921s] -- Found PythonLibs: /usr/lib/aarch64-linux-gnu/libpython3.8.so (found suitable version "3.8.10", minimum required is "3.5") 
[0.921s] -- Using PYTHON_EXECUTABLE: /usr/bin/python3
[0.921s] -- Using PYTHON_INCLUDE_DIRS: /usr/include/python3.8
[0.921s] -- Using PYTHON_LIBRARIES: /usr/lib/aarch64-linux-gnu/libpython3.8.so
[0.940s] -- Found PythonExtra: .so  
[0.982s] -- Added test 'copyright' to check source files copyright and LICENSE
[0.983s] -- Added test 'lint_cmake' to check CMake code style
[0.984s] -- Added test 'xmllint' to check XML markup files
[0.988s] -- Configuring done
[1.021s] -- Generating done
[1.024s] -- Build files have been written to: /home/lolsondre/dat160_semesterproject/build/bug2_interfaces
[1.033s] Invoked command in '/home/lolsondre/dat160_semesterproject/build/bug2_interfaces' returned '0': CMAKE_PREFIX_PATH=${CMAKE_PREFIX_PATH}:/home/lolsondre/dat160_semesterproject/install/scoring:/home/lolsondre/dat160_semesterproject/install/ros2_aruco:/home/lolsondre/dat160_semesterproject/install/multi_robot_challenge_23:/home/lolsondre/dat160_semesterproject/install/bug2_navigation:/opt/ros/foxy /usr/bin/cmake /home/lolsondre/dat160_semesterproject/src/bug2_interfaces -DAMENT_CMAKE_SYMLINK_INSTALL=1 -DCMAKE_INSTALL_PREFIX=/home/lolsondre/dat160_semesterproject/install/bug2_interfaces
[1.035s] Invoking command in '/home/lolsondre/dat160_semesterproject/build/bug2_interfaces': CMAKE_PREFIX_PATH=${CMAKE_PREFIX_PATH}:/home/lolsondre/dat160_semesterproject/install/scoring:/home/lolsondre/dat160_semesterproject/install/ros2_aruco:/home/lolsondre/dat160_semesterproject/install/multi_robot_challenge_23:/home/lolsondre/dat160_semesterproject/install/bug2_navigation:/opt/ros/foxy /usr/bin/cmake --build /home/lolsondre/dat160_semesterproject/build/bug2_interfaces -- -j2 -l2
[1.060s] [  3%] [34m[1mGenerating C code for ROS interfaces[0m
[1.065s] [35m[1mScanning dependencies of target bug2_interfaces__cpp[0m
[1.089s] [  6%] [34m[1mGenerating C++ code for ROS interfaces[0m
[1.224s] [35m[1mScanning dependencies of target bug2_interfaces__rosidl_generator_c[0m
[1.233s] [  9%] [32mBuilding C object CMakeFiles/bug2_interfaces__rosidl_generator_c.dir/rosidl_generator_c/bug2_interfaces/srv/detail/go_to_point__functions.c.o[0m
[1.241s] [  9%] Built target bug2_interfaces__cpp
[1.247s] [ 12%] [34m[1mGenerating C++ introspection for ROS interfaces[0m
[1.275s] [ 16%] [32m[1mLinking C shared library libbug2_interfaces__rosidl_generator_c.so[0m
[1.320s] [ 16%] Built target bug2_interfaces__rosidl_generator_c
[1.335s] [ 19%] [34m[1mGenerating C++ type support for eProsima Fast-RTPS[0m
[1.392s] [35m[1mScanning dependencies of target bug2_interfaces__rosidl_typesupport_introspection_cpp[0m
[1.398s] [ 22%] [32mBuilding CXX object CMakeFiles/bug2_interfaces__rosidl_typesupport_introspection_cpp.dir/rosidl_typesupport_introspection_cpp/bug2_interfaces/srv/detail/go_to_point__type_support.cpp.o[0m
[1.504s] [35m[1mScanning dependencies of target bug2_interfaces__rosidl_typesupport_fastrtps_cpp[0m
[1.556s] [ 25%] [32mBuilding CXX object CMakeFiles/bug2_interfaces__rosidl_typesupport_fastrtps_cpp.dir/rosidl_typesupport_fastrtps_cpp/bug2_interfaces/srv/detail/dds_fastrtps/go_to_point__type_support.cpp.o[0m
[1.588s] [ 29%] [32m[1mLinking CXX shared library libbug2_interfaces__rosidl_typesupport_introspection_cpp.so[0m
[1.653s] [ 29%] Built target bug2_interfaces__rosidl_typesupport_introspection_cpp
[1.660s] [ 32%] [34m[1mGenerating C++ type support dispatch for ROS interfaces[0m
[1.766s] [35m[1mScanning dependencies of target bug2_interfaces__rosidl_typesupport_cpp[0m
[1.775s] [ 35%] [32mBuilding CXX object CMakeFiles/bug2_interfaces__rosidl_typesupport_cpp.dir/rosidl_typesupport_cpp/bug2_interfaces/srv/go_to_point__type_support.cpp.o[0m
[1.805s] [ 38%] [32m[1mLinking CXX shared library libbug2_interfaces__rosidl_typesupport_fastrtps_cpp.so[0m
[1.904s] [ 38%] Built target bug2_interfaces__rosidl_typesupport_fastrtps_cpp
[1.925s] [ 41%] [34m[1mGenerating C introspection for ROS interfaces[0m
[1.936s] [ 45%] [32m[1mLinking CXX shared library libbug2_interfaces__rosidl_typesupport_cpp.so[0m
[2.008s] [ 45%] Built target bug2_interfaces__rosidl_typesupport_cpp
[2.042s] [ 48%] [34m[1mGenerating C type support dispatch for ROS interfaces[0m
[2.079s] [35m[1mScanning dependencies of target bug2_interfaces__rosidl_typesupport_introspection_c[0m
[2.112s] [ 51%] [32mBuilding C object CMakeFiles/bug2_interfaces__rosidl_typesupport_introspection_c.dir/rosidl_typesupport_introspection_c/bug2_interfaces/srv/detail/go_to_point__type_support.c.o[0m
[2.166s] [35m[1mScanning dependencies of target bug2_interfaces__rosidl_typesupport_c[0m
[2.167s] [ 54%] [32m[1mLinking C shared library libbug2_interfaces__rosidl_typesupport_introspection_c.so[0m
[2.178s] [ 58%] [32mBuilding CXX object CMakeFiles/bug2_interfaces__rosidl_typesupport_c.dir/rosidl_typesupport_c/bug2_interfaces/srv/go_to_point__type_support.cpp.o[0m
[2.195s] [ 61%] [32m[1mLinking CXX shared library libbug2_interfaces__rosidl_typesupport_c.so[0m
[2.214s] [ 61%] Built target bug2_interfaces__rosidl_typesupport_introspection_c
[2.218s] [ 61%] Built target bug2_interfaces__rosidl_typesupport_c
[2.223s] [ 64%] [34m[1mGenerating C type support for eProsima Fast-RTPS[0m
[2.338s] [35m[1mScanning dependencies of target bug2_interfaces__rosidl_typesupport_fastrtps_c[0m
[2.350s] [ 67%] [32mBuilding CXX object CMakeFiles/bug2_interfaces__rosidl_typesupport_fastrtps_c.dir/rosidl_typesupport_fastrtps_c/bug2_interfaces/srv/detail/go_to_point__type_support_c.cpp.o[0m
[2.570s] [ 70%] [32m[1mLinking CXX shared library libbug2_interfaces__rosidl_typesupport_fastrtps_c.so[0m
[2.616s] [ 70%] Built target bug2_interfaces__rosidl_typesupport_fastrtps_c
[2.620s] [35m[1mScanning dependencies of target bug2_interfaces[0m
[2.630s] [ 70%] Built target bug2_interfaces
[2.638s] [35m[1mScanning dependencies of target bug2_interfaces__py[0m
[2.656s] [ 74%] [34m[1mGenerating Python code for ROS interfaces[0m
[2.948s] [ 74%] Built target bug2_interfaces__py
[2.976s] [35m[1mScanning dependencies of target bug2_interfaces__python[0m
[2.999s] [ 77%] [32mBuilding C object CMakeFiles/bug2_interfaces__python.dir/rosidl_generator_py/bug2_interfaces/srv/_go_to_point_s.c.o[0m
[3.050s] [ 80%] [32m[1mLinking C shared library rosidl_generator_py/bug2_interfaces/libbug2_interfaces__python.so[0m
[3.076s] [ 80%] Built target bug2_interfaces__python
[3.103s] [35m[1mScanning dependencies of target bug2_interfaces__rosidl_typesupport_introspection_c__pyext[0m
[3.104s] [35m[1mScanning dependencies of target bug2_interfaces__rosidl_typesupport_c__pyext[0m
[3.136s] [ 83%] [32mBuilding C object CMakeFiles/bug2_interfaces__rosidl_typesupport_c__pyext.dir/rosidl_generator_py/bug2_interfaces/_bug2_interfaces_s.ep.rosidl_typesupport_c.c.o[0m
[3.149s] [ 87%] [32mBuilding C object CMakeFiles/bug2_interfaces__rosidl_typesupport_introspection_c__pyext.dir/rosidl_generator_py/bug2_interfaces/_bug2_interfaces_s.ep.rosidl_typesupport_introspection_c.c.o[0m
[3.220s] [ 90%] [32m[1mLinking C shared library rosidl_generator_py/bug2_interfaces/bug2_interfaces_s__rosidl_typesupport_introspection_c.cpython-38-aarch64-linux-gnu.so[0m
[3.232s] [ 93%] [32m[1mLinking C shared library rosidl_generator_py/bug2_interfaces/bug2_interfaces_s__rosidl_typesupport_c.cpython-38-aarch64-linux-gnu.so[0m
[3.277s] [ 93%] Built target bug2_interfaces__rosidl_typesupport_introspection_c__pyext
[3.283s] [ 93%] Built target bug2_interfaces__rosidl_typesupport_c__pyext
[3.287s] [35m[1mScanning dependencies of target bug2_interfaces__rosidl_typesupport_fastrtps_c__pyext[0m
[3.304s] [ 96%] [32mBuilding C object CMakeFiles/bug2_interfaces__rosidl_typesupport_fastrtps_c__pyext.dir/rosidl_generator_py/bug2_interfaces/_bug2_interfaces_s.ep.rosidl_typesupport_fastrtps_c.c.o[0m
[3.347s] [100%] [32m[1mLinking CXX shared library rosidl_generator_py/bug2_interfaces/bug2_interfaces_s__rosidl_typesupport_fastrtps_c.cpython-38-aarch64-linux-gnu.so[0m
[3.385s] [100%] Built target bug2_interfaces__rosidl_typesupport_fastrtps_c__pyext
[3.395s] Invoked command in '/home/lolsondre/dat160_semesterproject/build/bug2_interfaces' returned '0': CMAKE_PREFIX_PATH=${CMAKE_PREFIX_PATH}:/home/lolsondre/dat160_semesterproject/install/scoring:/home/lolsondre/dat160_semesterproject/install/ros2_aruco:/home/lolsondre/dat160_semesterproject/install/multi_robot_challenge_23:/home/lolsondre/dat160_semesterproject/install/bug2_navigation:/opt/ros/foxy /usr/bin/cmake --build /home/lolsondre/dat160_semesterproject/build/bug2_interfaces -- -j2 -l2
[3.571s] Invoking command in '/home/lolsondre/dat160_semesterproject/build/bug2_interfaces': CMAKE_PREFIX_PATH=${CMAKE_PREFIX_PATH}:/home/lolsondre/dat160_semesterproject/install/scoring:/home/lolsondre/dat160_semesterproject/install/ros2_aruco:/home/lolsondre/dat160_semesterproject/install/multi_robot_challenge_23:/home/lolsondre/dat160_semesterproject/install/bug2_navigation:/opt/ros/foxy /usr/bin/cmake --install /home/lolsondre/dat160_semesterproject/build/bug2_interfaces
[3.583s] -- Install configuration: ""
[3.584s] -- Execute custom install script
[3.584s] -- Symlinking: /home/lolsondre/dat160_semesterproject/install/bug2_interfaces/share/ament_index/resource_index/rosidl_interfaces/bug2_interfaces
[3.588s] -- Symlinking: /home/lolsondre/dat160_semesterproject/install/bug2_interfaces/include/bug2_interfaces/msg/rosidl_generator_c__visibility_control.h
[3.592s] -- Symlinking: /home/lolsondre/dat160_semesterproject/install/bug2_interfaces/include/bug2_interfaces/srv/detail/go_to_point__functions.h
[3.599s] -- Symlinking: /home/lolsondre/dat160_semesterproject/install/bug2_interfaces/include/bug2_interfaces/srv/detail/go_to_point__struct.h
[3.606s] -- Symlinking: /home/lolsondre/dat160_semesterproject/install/bug2_interfaces/include/bug2_interfaces/srv/detail/go_to_point__type_support.h
[3.611s] -- Symlinking: /home/lolsondre/dat160_semesterproject/install/bug2_interfaces/include/bug2_interfaces/srv/go_to_point.h
[3.615s] -- Symlinking: /home/lolsondre/dat160_semesterproject/install/bug2_interfaces/share/bug2_interfaces/environment/library_path.sh
[3.629s] -- Symlinking: /home/lolsondre/dat160_semesterproject/install/bug2_interfaces/share/bug2_interfaces/environment/library_path.dsv
[3.640s] -- Symlinking: /home/lolsondre/dat160_semesterproject/install/bug2_interfaces/include/bug2_interfaces/msg/rosidl_typesupport_fastrtps_c__visibility_control.h
[3.644s] -- Symlinking: /home/lolsondre/dat160_semesterproject/install/bug2_interfaces/include/bug2_interfaces/srv/detail/go_to_point__rosidl_typesupport_fastrtps_c.h
[3.649s] -- Symlinking: /home/lolsondre/dat160_semesterproject/install/bug2_interfaces/lib/libbug2_interfaces__rosidl_typesupport_fastrtps_c.so
[3.654s] -- Symlinking: /home/lolsondre/dat160_semesterproject/install/bug2_interfaces/include/bug2_interfaces/msg/rosidl_typesupport_fastrtps_cpp__visibility_control.h
[3.658s] -- Symlinking: /home/lolsondre/dat160_semesterproject/install/bug2_interfaces/include/bug2_interfaces/srv/detail/go_to_point__rosidl_typesupport_fastrtps_cpp.hpp
[3.663s] -- Symlinking: /home/lolsondre/dat160_semesterproject/install/bug2_interfaces/lib/libbug2_interfaces__rosidl_typesupport_fastrtps_cpp.so
[3.668s] -- Symlinking: /home/lolsondre/dat160_semesterproject/install/bug2_interfaces/include/bug2_interfaces/msg/rosidl_typesupport_introspection_c__visibility_control.h
[3.672s] -- Symlinking: /home/lolsondre/dat160_semesterproject/install/bug2_interfaces/include/bug2_interfaces/srv/detail/go_to_point__rosidl_typesupport_introspection_c.h
[3.676s] -- Symlinking: /home/lolsondre/dat160_semesterproject/install/bug2_interfaces/include/bug2_interfaces/msg/rosidl_generator_cpp__visibility_control.hpp
[3.680s] -- Symlinking: /home/lolsondre/dat160_semesterproject/install/bug2_interfaces/include/bug2_interfaces/srv/detail/go_to_point__builder.hpp
[3.684s] -- Symlinking: /home/lolsondre/dat160_semesterproject/install/bug2_interfaces/include/bug2_interfaces/srv/detail/go_to_point__struct.hpp
[3.688s] -- Symlinking: /home/lolsondre/dat160_semesterproject/install/bug2_interfaces/include/bug2_interfaces/srv/detail/go_to_point__traits.hpp
[3.691s] -- Symlinking: /home/lolsondre/dat160_semesterproject/install/bug2_interfaces/include/bug2_interfaces/srv/detail/go_to_point__type_support.hpp
[3.696s] -- Symlinking: /home/lolsondre/dat160_semesterproject/install/bug2_interfaces/include/bug2_interfaces/srv/go_to_point.hpp
[3.700s] -- Symlinking: /home/lolsondre/dat160_semesterproject/install/bug2_interfaces/include/bug2_interfaces/srv/detail/go_to_point__rosidl_typesupport_introspection_cpp.hpp
[3.704s] -- Symlinking: /home/lolsondre/dat160_semesterproject/install/bug2_interfaces/share/bug2_interfaces/environment/pythonpath.sh
[3.708s] -- Symlinking: /home/lolsondre/dat160_semesterproject/install/bug2_interfaces/share/bug2_interfaces/environment/pythonpath.dsv
[3.712s] -- Symlinking: /home/lolsondre/dat160_semesterproject/install/bug2_interfaces/lib/python3.8/site-packages/bug2_interfaces/__init__.py
[3.716s] -- Symlinking: /home/lolsondre/dat160_semesterproject/install/bug2_interfaces/lib/python3.8/site-packages/bug2_interfaces/srv/__init__.py
[3.720s] -- Symlinking: /home/lolsondre/dat160_semesterproject/install/bug2_interfaces/lib/python3.8/site-packages/bug2_interfaces/srv/_go_to_point.py
[3.724s] -- Symlinking: /home/lolsondre/dat160_semesterproject/install/bug2_interfaces/lib/python3.8/site-packages/bug2_interfaces/bug2_interfaces_s__rosidl_typesupport_fastrtps_c.cpython-38-aarch64-linux-gnu.so
[3.729s] -- Symlinking: /home/lolsondre/dat160_semesterproject/install/bug2_interfaces/lib/python3.8/site-packages/bug2_interfaces/bug2_interfaces_s__rosidl_typesupport_introspection_c.cpython-38-aarch64-linux-gnu.so
[3.734s] -- Symlinking: /home/lolsondre/dat160_semesterproject/install/bug2_interfaces/lib/python3.8/site-packages/bug2_interfaces/bug2_interfaces_s__rosidl_typesupport_c.cpython-38-aarch64-linux-gnu.so
[3.737s] -- Symlinking: /home/lolsondre/dat160_semesterproject/install/bug2_interfaces/lib/libbug2_interfaces__python.so
[3.741s] -- Symlinking: /home/lolsondre/dat160_semesterproject/install/bug2_interfaces/share/bug2_interfaces/srv/GoToPoint.idl
[3.745s] -- Symlinking: /home/lolsondre/dat160_semesterproject/install/bug2_interfaces/share/bug2_interfaces/srv/GoToPoint.srv
[3.750s] -- Symlinking: /home/lolsondre/dat160_semesterproject/install/bug2_interfaces/share/bug2_interfaces/srv/GoToPoint_Request.msg
[3.754s] -- Symlinking: /home/lolsondre/dat160_semesterproject/install/bug2_interfaces/share/bug2_interfaces/srv/GoToPoint_Response.msg
[3.758s] -- Symlinking: /home/lolsondre/dat160_semesterproject/install/bug2_interfaces/share/ament_index/resource_index/package_run_dependencies/bug2_interfaces
[3.763s] -- Symlinking: /home/lolsondre/dat160_semesterproject/install/bug2_interfaces/share/ament_index/resource_index/parent_prefix_path/bug2_interfaces
[3.767s] -- Symlinking: /home/lolsondre/dat160_semesterproject/install/bug2_interfaces/share/bug2_interfaces/environment/ament_prefix_path.sh
[3.771s] -- Symlinking: /home/lolsondre/dat160_semesterproject/install/bug2_interfaces/share/bug2_interfaces/environment/ament_prefix_path.dsv
[3.776s] -- Symlinking: /home/lolsondre/dat160_semesterproject/install/bug2_interfaces/share/bug2_interfaces/environment/path.sh
[3.779s] -- Symlinking: /home/lolsondre/dat160_semesterproject/install/bug2_interfaces/share/bug2_interfaces/environment/path.dsv
[3.783s] -- Symlinking: /home/lolsondre/dat160_semesterproject/install/bug2_interfaces/share/bug2_interfaces/local_setup.bash
[3.787s] -- Symlinking: /home/lolsondre/dat160_semesterproject/install/bug2_interfaces/share/bug2_interfaces/local_setup.sh
[3.791s] -- Symlinking: /home/lolsondre/dat160_semesterproject/install/bug2_interfaces/share/bug2_interfaces/local_setup.zsh
[3.794s] -- Symlinking: /home/lolsondre/dat160_semesterproject/install/bug2_interfaces/share/bug2_interfaces/local_setup.dsv
[3.798s] -- Symlinking: /home/lolsondre/dat160_semesterproject/install/bug2_interfaces/share/bug2_interfaces/package.dsv
[3.802s] -- Symlinking: /home/lolsondre/dat160_semesterproject/install/bug2_interfaces/share/ament_index/resource_index/packages/bug2_interfaces
[3.806s] -- Symlinking: /home/lolsondre/dat160_semesterproject/install/bug2_interfaces/share/bug2_interfaces/cmake/rosidl_cmake-extras.cmake
[3.810s] -- Symlinking: /home/lolsondre/dat160_semesterproject/install/bug2_interfaces/share/bug2_interfaces/cmake/ament_cmake_export_dependencies-extras.cmake
[3.813s] -- Symlinking: /home/lolsondre/dat160_semesterproject/install/bug2_interfaces/share/bug2_interfaces/cmake/ament_cmake_export_libraries-extras.cmake
[3.818s] -- Symlinking: /home/lolsondre/dat160_semesterproject/install/bug2_interfaces/share/bug2_interfaces/cmake/ament_cmake_export_targets-extras.cmake
[3.822s] -- Symlinking: /home/lolsondre/dat160_semesterproject/install/bug2_interfaces/share/bug2_interfaces/cmake/ament_cmake_export_include_directories-extras.cmake
[3.826s] -- Symlinking: /home/lolsondre/dat160_semesterproject/install/bug2_interfaces/share/bug2_interfaces/cmake/rosidl_cmake_export_typesupport_libraries-extras.cmake
[3.832s] -- Symlinking: /home/lolsondre/dat160_semesterproject/install/bug2_interfaces/share/bug2_interfaces/cmake/rosidl_cmake_export_typesupport_targets-extras.cmake
[3.836s] -- Symlinking: /home/lolsondre/dat160_semesterproject/install/bug2_interfaces/share/bug2_interfaces/cmake/bug2_interfacesConfig.cmake
[3.840s] -- Symlinking: /home/lolsondre/dat160_semesterproject/install/bug2_interfaces/share/bug2_interfaces/cmake/bug2_interfacesConfig-version.cmake
[3.844s] -- Symlinking: /home/lolsondre/dat160_semesterproject/install/bug2_interfaces/share/bug2_interfaces/package.xml
[3.849s] -- Installing: /home/lolsondre/dat160_semesterproject/install/bug2_interfaces/lib/libbug2_interfaces__rosidl_generator_c.so
[3.849s] -- Set runtime path of "/home/lolsondre/dat160_semesterproject/install/bug2_interfaces/lib/libbug2_interfaces__rosidl_generator_c.so" to ""
[3.849s] -- Installing: /home/lolsondre/dat160_semesterproject/install/bug2_interfaces/lib/libbug2_interfaces__rosidl_typesupport_introspection_c.so
[3.849s] -- Set runtime path of "/home/lolsondre/dat160_semesterproject/install/bug2_interfaces/lib/libbug2_interfaces__rosidl_typesupport_introspection_c.so" to ""
[3.849s] -- Installing: /home/lolsondre/dat160_semesterproject/install/bug2_interfaces/lib/libbug2_interfaces__rosidl_typesupport_c.so
[3.850s] -- Set runtime path of "/home/lolsondre/dat160_semesterproject/install/bug2_interfaces/lib/libbug2_interfaces__rosidl_typesupport_c.so" to ""
[3.850s] -- Installing: /home/lolsondre/dat160_semesterproject/install/bug2_interfaces/lib/libbug2_interfaces__rosidl_typesupport_introspection_cpp.so
[3.850s] -- Set runtime path of "/home/lolsondre/dat160_semesterproject/install/bug2_interfaces/lib/libbug2_interfaces__rosidl_typesupport_introspection_cpp.so" to ""
[3.850s] -- Installing: /home/lolsondre/dat160_semesterproject/install/bug2_interfaces/lib/libbug2_interfaces__rosidl_typesupport_cpp.so
[3.850s] -- Set runtime path of "/home/lolsondre/dat160_semesterproject/install/bug2_interfaces/lib/libbug2_interfaces__rosidl_typesupport_cpp.so" to ""
[3.867s] Compiling '/home/lolsondre/dat160_semesterproject/install/bug2_interfaces/lib/python3.8/site-packages/bug2_interfaces/__init__.py'...
[3.870s] -- Installing: /home/lolsondre/dat160_semesterproject/install/bug2_interfaces/share/bug2_interfaces/cmake/bug2_interfaces__rosidl_generator_cExport.cmake
[3.870s] -- Installing: /home/lolsondre/dat160_semesterproject/install/bug2_interfaces/share/bug2_interfaces/cmake/bug2_interfaces__rosidl_generator_cExport-noconfig.cmake
[3.871s] -- Installing: /home/lolsondre/dat160_semesterproject/install/bug2_interfaces/share/bug2_interfaces/cmake/bug2_interfaces__rosidl_typesupport_introspection_cExport.cmake
[3.871s] -- Installing: /home/lolsondre/dat160_semesterproject/install/bug2_interfaces/share/bug2_interfaces/cmake/bug2_interfaces__rosidl_typesupport_introspection_cExport-noconfig.cmake
[3.871s] -- Installing: /home/lolsondre/dat160_semesterproject/install/bug2_interfaces/share/bug2_interfaces/cmake/bug2_interfaces__rosidl_typesupport_cExport.cmake
[3.871s] -- Installing: /home/lolsondre/dat160_semesterproject/install/bug2_interfaces/share/bug2_interfaces/cmake/bug2_interfaces__rosidl_typesupport_cExport-noconfig.cmake
[3.871s] -- Installing: /home/lolsondre/dat160_semesterproject/install/bug2_interfaces/share/bug2_interfaces/cmake/bug2_interfaces__rosidl_generator_cppExport.cmake
[3.871s] -- Installing: /home/lolsondre/dat160_semesterproject/install/bug2_interfaces/share/bug2_interfaces/cmake/bug2_interfaces__rosidl_typesupport_introspection_cppExport.cmake
[3.871s] -- Installing: /home/lolsondre/dat160_semesterproject/install/bug2_interfaces/share/bug2_interfaces/cmake/bug2_interfaces__rosidl_typesupport_introspection_cppExport-noconfig.cmake
[3.871s] -- Installing: /home/lolsondre/dat160_semesterproject/install/bug2_interfaces/share/bug2_interfaces/cmake/bug2_interfaces__rosidl_typesupport_cppExport.cmake
[3.876s] -- Installing: /home/lolsondre/dat160_semesterproject/install/bug2_interfaces/share/bug2_interfaces/cmake/bug2_interfaces__rosidl_typesupport_cppExport-noconfig.cmake
[3.876s] Invoked command in '/home/lolsondre/dat160_semesterproject/build/bug2_interfaces' returned '0': CMAKE_PREFIX_PATH=${CMAKE_PREFIX_PATH}:/home/lolsondre/dat160_semesterproject/install/scoring:/home/lolsondre/dat160_semesterproject/install/ros2_aruco:/home/lolsondre/dat160_semesterproject/install/multi_robot_challenge_23:/home/lolsondre/dat160_semesterproject/install/bug2_navigation:/opt/ros/foxy /usr/bin/cmake --install /home/lolsondre/dat160_semesterproject/build/bug2_interfaces
