-- The C compiler identification is GNU 9.4.0
-- The CXX compiler identification is GNU 9.4.0
-- Check for working C compiler: /usr/bin/cc
-- Check for working C compiler: /usr/bin/cc -- works
-- Detecting C compiler ABI info
-- Detecting C compiler ABI info - done
-- Detecting C compile features
-- Detecting C compile features - done
-- Check for working CXX compiler: /usr/bin/c++
-- Check for working CXX compiler: /usr/bin/c++ -- works
-- Detecting CXX compiler ABI info
-- Detecting CXX compiler ABI info - done
-- Detecting CXX compile features
-- Detecting CXX compile features - done
-- Found ament_cmake: 0.9.12 (/opt/ros/foxy/share/ament_cmake/cmake)
-- Found PythonInterp: /usr/bin/python3 (found suitable version "3.8.10", minimum required is "3") 
-- Using PYTHON_EXECUTABLE: /usr/bin/python3
-- Override CMake install command with custom implementation using symlinks instead of copying resources
-- Found geometry_msgs: 2.0.5 (/opt/ros/foxy/share/geometry_msgs/cmake)
-- Using all available rosidl_typesupport_c: rosidl_typesupport_fastrtps_c;rosidl_typesupport_introspection_c
-- Found rosidl_adapter: 1.3.1 (/opt/ros/foxy/share/rosidl_adapter/cmake)
-- Found OpenSSL: /usr/lib/aarch64-linux-gnu/libcrypto.so (found version "1.1.1f")  
-- Found FastRTPS: /opt/ros/foxy/include  
-- Using all available rosidl_typesupport_cpp: rosidl_typesupport_fastrtps_cpp;rosidl_typesupport_introspection_cpp
-- Found rosidl_default_generators: 1.0.1 (/opt/ros/foxy/share/rosidl_default_generators/cmake)
-- Found PythonInterp: /usr/bin/python3 (found version "3.8.10") 
-- Found ament_cmake_ros: 0.9.2 (/opt/ros/foxy/share/ament_cmake_ros/cmake)
-- Using all available rosidl_typesupport_c: rosidl_typesupport_fastrtps_c;rosidl_typesupport_introspection_c
-- Using all available rosidl_typesupport_cpp: rosidl_typesupport_fastrtps_cpp;rosidl_typesupport_introspection_cpp
-- Found PythonInterp: /usr/bin/python3 (found suitable version "3.8.10", minimum required is "3.5") 
-- Found python_cmake_module: 0.8.1 (/opt/ros/foxy/share/python_cmake_module/cmake)
-- Found PythonLibs: /usr/lib/aarch64-linux-gnu/libpython3.8.so (found suitable version "3.8.10", minimum required is "3.5") 
-- Using PYTHON_EXECUTABLE: /usr/bin/python3
-- Using PYTHON_INCLUDE_DIRS: /usr/include/python3.8
-- Using PYTHON_LIBRARIES: /usr/lib/aarch64-linux-gnu/libpython3.8.so
-- Found PythonExtra: .so  
-- Found ament_lint_auto: 0.9.8 (/opt/ros/foxy/share/ament_lint_auto/cmake)
-- Added test 'copyright' to check source files copyright and LICENSE
-- Added test 'lint_cmake' to check CMake code style
-- Added test 'xmllint' to check XML markup files
-- Configuring done
-- Generating done
-- Build files have been written to: /home/lolsondre/dat160_semesterproject/build/scoring_interfaces
[35m[1mScanning dependencies of target scoring_interfaces__cpp[0m
[  3%] [34m[1mGenerating C code for ROS interfaces[0m
[  6%] [34m[1mGenerating C++ code for ROS interfaces[0m
[35m[1mScanning dependencies of target scoring_interfaces__rosidl_generator_c[0m
[  6%] Built target scoring_interfaces__cpp
[  9%] [32mBuilding C object CMakeFiles/scoring_interfaces__rosidl_generator_c.dir/rosidl_generator_c/scoring_interfaces/srv/detail/set_marker_position__functions.c.o[0m
[ 12%] [34m[1mGenerating C++ type support dispatch for ROS interfaces[0m
[ 16%] [32m[1mLinking C shared library libscoring_interfaces__rosidl_generator_c.so[0m
[ 16%] Built target scoring_interfaces__rosidl_generator_c
[ 19%] [34m[1mGenerating C++ type support for eProsima Fast-RTPS[0m
[35m[1mScanning dependencies of target scoring_interfaces__rosidl_typesupport_cpp[0m
[ 22%] [32mBuilding CXX object CMakeFiles/scoring_interfaces__rosidl_typesupport_cpp.dir/rosidl_typesupport_cpp/scoring_interfaces/srv/set_marker_position__type_support.cpp.o[0m
[35m[1mScanning dependencies of target scoring_interfaces__rosidl_typesupport_fastrtps_cpp[0m
[ 25%] [32mBuilding CXX object CMakeFiles/scoring_interfaces__rosidl_typesupport_fastrtps_cpp.dir/rosidl_typesupport_fastrtps_cpp/scoring_interfaces/srv/detail/dds_fastrtps/set_marker_position__type_support.cpp.o[0m
[ 29%] [32m[1mLinking CXX shared library libscoring_interfaces__rosidl_typesupport_cpp.so[0m
[ 29%] Built target scoring_interfaces__rosidl_typesupport_cpp
[ 32%] [34m[1mGenerating C++ introspection for ROS interfaces[0m
[ 35%] [32m[1mLinking CXX shared library libscoring_interfaces__rosidl_typesupport_fastrtps_cpp.so[0m
[35m[1mScanning dependencies of target scoring_interfaces__rosidl_typesupport_introspection_cpp[0m
[ 38%] [32mBuilding CXX object CMakeFiles/scoring_interfaces__rosidl_typesupport_introspection_cpp.dir/rosidl_typesupport_introspection_cpp/scoring_interfaces/srv/detail/set_marker_position__type_support.cpp.o[0m
[ 38%] Built target scoring_interfaces__rosidl_typesupport_fastrtps_cpp
[ 41%] [34m[1mGenerating C type support dispatch for ROS interfaces[0m
[ 45%] [32m[1mLinking CXX shared library libscoring_interfaces__rosidl_typesupport_introspection_cpp.so[0m
[35m[1mScanning dependencies of target scoring_interfaces__rosidl_typesupport_c[0m
[ 48%] [32mBuilding CXX object CMakeFiles/scoring_interfaces__rosidl_typesupport_c.dir/rosidl_typesupport_c/scoring_interfaces/srv/set_marker_position__type_support.cpp.o[0m
[ 51%] [32m[1mLinking CXX shared library libscoring_interfaces__rosidl_typesupport_c.so[0m
[ 51%] Built target scoring_interfaces__rosidl_typesupport_introspection_cpp
[ 54%] [34m[1mGenerating C introspection for ROS interfaces[0m
[ 54%] Built target scoring_interfaces__rosidl_typesupport_c
[ 58%] [34m[1mGenerating C type support for eProsima Fast-RTPS[0m
[35m[1mScanning dependencies of target scoring_interfaces__rosidl_typesupport_introspection_c[0m
[ 61%] [32mBuilding C object CMakeFiles/scoring_interfaces__rosidl_typesupport_introspection_c.dir/rosidl_typesupport_introspection_c/scoring_interfaces/srv/detail/set_marker_position__type_support.c.o[0m
[35m[1mScanning dependencies of target scoring_interfaces__rosidl_typesupport_fastrtps_c[0m
[ 64%] [32m[1mLinking C shared library libscoring_interfaces__rosidl_typesupport_introspection_c.so[0m
[ 67%] [32mBuilding CXX object CMakeFiles/scoring_interfaces__rosidl_typesupport_fastrtps_c.dir/rosidl_typesupport_fastrtps_c/scoring_interfaces/srv/detail/set_marker_position__type_support_c.cpp.o[0m
[ 67%] Built target scoring_interfaces__rosidl_typesupport_introspection_c
[ 70%] [32m[1mLinking CXX shared library libscoring_interfaces__rosidl_typesupport_fastrtps_c.so[0m
[ 70%] Built target scoring_interfaces__rosidl_typesupport_fastrtps_c
[35m[1mScanning dependencies of target scoring_interfaces[0m
[ 70%] Built target scoring_interfaces
[35m[1mScanning dependencies of target scoring_interfaces__py[0m
[ 74%] [34m[1mGenerating Python code for ROS interfaces[0m
[ 74%] Built target scoring_interfaces__py
[35m[1mScanning dependencies of target scoring_interfaces__python[0m
[ 77%] [32mBuilding C object CMakeFiles/scoring_interfaces__python.dir/rosidl_generator_py/scoring_interfaces/srv/_set_marker_position_s.c.o[0m
[ 80%] [32m[1mLinking C shared library rosidl_generator_py/scoring_interfaces/libscoring_interfaces__python.so[0m
[ 80%] Built target scoring_interfaces__python
[35m[1mScanning dependencies of target scoring_interfaces__rosidl_typesupport_c__pyext[0m
[35m[1mScanning dependencies of target scoring_interfaces__rosidl_typesupport_fastrtps_c__pyext[0m
[ 83%] [32mBuilding C object CMakeFiles/scoring_interfaces__rosidl_typesupport_c__pyext.dir/rosidl_generator_py/scoring_interfaces/_scoring_interfaces_s.ep.rosidl_typesupport_c.c.o[0m
[ 87%] [32mBuilding C object CMakeFiles/scoring_interfaces__rosidl_typesupport_fastrtps_c__pyext.dir/rosidl_generator_py/scoring_interfaces/_scoring_interfaces_s.ep.rosidl_typesupport_fastrtps_c.c.o[0m
[ 90%] [32m[1mLinking C shared library rosidl_generator_py/scoring_interfaces/scoring_interfaces_s__rosidl_typesupport_c.cpython-38-aarch64-linux-gnu.so[0m
[ 93%] [32m[1mLinking CXX shared library rosidl_generator_py/scoring_interfaces/scoring_interfaces_s__rosidl_typesupport_fastrtps_c.cpython-38-aarch64-linux-gnu.so[0m
[ 93%] Built target scoring_interfaces__rosidl_typesupport_c__pyext
[35m[1mScanning dependencies of target scoring_interfaces__rosidl_typesupport_introspection_c__pyext[0m
[ 93%] Built target scoring_interfaces__rosidl_typesupport_fastrtps_c__pyext
[ 96%] [32mBuilding C object CMakeFiles/scoring_interfaces__rosidl_typesupport_introspection_c__pyext.dir/rosidl_generator_py/scoring_interfaces/_scoring_interfaces_s.ep.rosidl_typesupport_introspection_c.c.o[0m
[100%] [32m[1mLinking C shared library rosidl_generator_py/scoring_interfaces/scoring_interfaces_s__rosidl_typesupport_introspection_c.cpython-38-aarch64-linux-gnu.so[0m
[100%] Built target scoring_interfaces__rosidl_typesupport_introspection_c__pyext
-- Install configuration: ""
-- Execute custom install script
-- Symlinking: /home/lolsondre/dat160_semesterproject/install/scoring_interfaces/share/ament_index/resource_index/rosidl_interfaces/scoring_interfaces
-- Symlinking: /home/lolsondre/dat160_semesterproject/install/scoring_interfaces/include/scoring_interfaces/msg/rosidl_generator_c__visibility_control.h
-- Symlinking: /home/lolsondre/dat160_semesterproject/install/scoring_interfaces/include/scoring_interfaces/srv/detail/set_marker_position__functions.h
-- Symlinking: /home/lolsondre/dat160_semesterproject/install/scoring_interfaces/include/scoring_interfaces/srv/detail/set_marker_position__struct.h
-- Symlinking: /home/lolsondre/dat160_semesterproject/install/scoring_interfaces/include/scoring_interfaces/srv/detail/set_marker_position__type_support.h
-- Symlinking: /home/lolsondre/dat160_semesterproject/install/scoring_interfaces/include/scoring_interfaces/srv/set_marker_position.h
-- Symlinking: /home/lolsondre/dat160_semesterproject/install/scoring_interfaces/share/scoring_interfaces/environment/library_path.sh
-- Symlinking: /home/lolsondre/dat160_semesterproject/install/scoring_interfaces/share/scoring_interfaces/environment/library_path.dsv
-- Symlinking: /home/lolsondre/dat160_semesterproject/install/scoring_interfaces/include/scoring_interfaces/msg/rosidl_typesupport_fastrtps_c__visibility_control.h
-- Symlinking: /home/lolsondre/dat160_semesterproject/install/scoring_interfaces/include/scoring_interfaces/srv/detail/set_marker_position__rosidl_typesupport_fastrtps_c.h
-- Symlinking: /home/lolsondre/dat160_semesterproject/install/scoring_interfaces/lib/libscoring_interfaces__rosidl_typesupport_fastrtps_c.so
-- Symlinking: /home/lolsondre/dat160_semesterproject/install/scoring_interfaces/include/scoring_interfaces/msg/rosidl_typesupport_fastrtps_cpp__visibility_control.h
-- Symlinking: /home/lolsondre/dat160_semesterproject/install/scoring_interfaces/include/scoring_interfaces/srv/detail/set_marker_position__rosidl_typesupport_fastrtps_cpp.hpp
-- Symlinking: /home/lolsondre/dat160_semesterproject/install/scoring_interfaces/lib/libscoring_interfaces__rosidl_typesupport_fastrtps_cpp.so
-- Symlinking: /home/lolsondre/dat160_semesterproject/install/scoring_interfaces/include/scoring_interfaces/msg/rosidl_typesupport_introspection_c__visibility_control.h
-- Symlinking: /home/lolsondre/dat160_semesterproject/install/scoring_interfaces/include/scoring_interfaces/srv/detail/set_marker_position__rosidl_typesupport_introspection_c.h
-- Symlinking: /home/lolsondre/dat160_semesterproject/install/scoring_interfaces/include/scoring_interfaces/msg/rosidl_generator_cpp__visibility_control.hpp
-- Symlinking: /home/lolsondre/dat160_semesterproject/install/scoring_interfaces/include/scoring_interfaces/srv/detail/set_marker_position__builder.hpp
-- Symlinking: /home/lolsondre/dat160_semesterproject/install/scoring_interfaces/include/scoring_interfaces/srv/detail/set_marker_position__struct.hpp
-- Symlinking: /home/lolsondre/dat160_semesterproject/install/scoring_interfaces/include/scoring_interfaces/srv/detail/set_marker_position__traits.hpp
-- Symlinking: /home/lolsondre/dat160_semesterproject/install/scoring_interfaces/include/scoring_interfaces/srv/detail/set_marker_position__type_support.hpp
-- Symlinking: /home/lolsondre/dat160_semesterproject/install/scoring_interfaces/include/scoring_interfaces/srv/set_marker_position.hpp
-- Symlinking: /home/lolsondre/dat160_semesterproject/install/scoring_interfaces/include/scoring_interfaces/srv/detail/set_marker_position__rosidl_typesupport_introspection_cpp.hpp
-- Symlinking: /home/lolsondre/dat160_semesterproject/install/scoring_interfaces/share/scoring_interfaces/environment/pythonpath.sh
-- Symlinking: /home/lolsondre/dat160_semesterproject/install/scoring_interfaces/share/scoring_interfaces/environment/pythonpath.dsv
-- Symlinking: /home/lolsondre/dat160_semesterproject/install/scoring_interfaces/lib/python3.8/site-packages/scoring_interfaces/__init__.py
-- Symlinking: /home/lolsondre/dat160_semesterproject/install/scoring_interfaces/lib/python3.8/site-packages/scoring_interfaces/srv/__init__.py
-- Symlinking: /home/lolsondre/dat160_semesterproject/install/scoring_interfaces/lib/python3.8/site-packages/scoring_interfaces/srv/_set_marker_position.py
-- Symlinking: /home/lolsondre/dat160_semesterproject/install/scoring_interfaces/lib/python3.8/site-packages/scoring_interfaces/scoring_interfaces_s__rosidl_typesupport_fastrtps_c.cpython-38-aarch64-linux-gnu.so
-- Symlinking: /home/lolsondre/dat160_semesterproject/install/scoring_interfaces/lib/python3.8/site-packages/scoring_interfaces/scoring_interfaces_s__rosidl_typesupport_introspection_c.cpython-38-aarch64-linux-gnu.so
-- Symlinking: /home/lolsondre/dat160_semesterproject/install/scoring_interfaces/lib/python3.8/site-packages/scoring_interfaces/scoring_interfaces_s__rosidl_typesupport_c.cpython-38-aarch64-linux-gnu.so
-- Symlinking: /home/lolsondre/dat160_semesterproject/install/scoring_interfaces/lib/libscoring_interfaces__python.so
-- Symlinking: /home/lolsondre/dat160_semesterproject/install/scoring_interfaces/share/scoring_interfaces/srv/SetMarkerPosition.idl
-- Symlinking: /home/lolsondre/dat160_semesterproject/install/scoring_interfaces/share/scoring_interfaces/srv/SetMarkerPosition.srv
-- Symlinking: /home/lolsondre/dat160_semesterproject/install/scoring_interfaces/share/scoring_interfaces/srv/SetMarkerPosition_Request.msg
-- Symlinking: /home/lolsondre/dat160_semesterproject/install/scoring_interfaces/share/scoring_interfaces/srv/SetMarkerPosition_Response.msg
-- Symlinking: /home/lolsondre/dat160_semesterproject/install/scoring_interfaces/share/ament_index/resource_index/package_run_dependencies/scoring_interfaces
-- Symlinking: /home/lolsondre/dat160_semesterproject/install/scoring_interfaces/share/ament_index/resource_index/parent_prefix_path/scoring_interfaces
-- Symlinking: /home/lolsondre/dat160_semesterproject/install/scoring_interfaces/share/scoring_interfaces/environment/ament_prefix_path.sh
-- Symlinking: /home/lolsondre/dat160_semesterproject/install/scoring_interfaces/share/scoring_interfaces/environment/ament_prefix_path.dsv
-- Symlinking: /home/lolsondre/dat160_semesterproject/install/scoring_interfaces/share/scoring_interfaces/environment/path.sh
-- Symlinking: /home/lolsondre/dat160_semesterproject/install/scoring_interfaces/share/scoring_interfaces/environment/path.dsv
-- Symlinking: /home/lolsondre/dat160_semesterproject/install/scoring_interfaces/share/scoring_interfaces/local_setup.bash
-- Symlinking: /home/lolsondre/dat160_semesterproject/install/scoring_interfaces/share/scoring_interfaces/local_setup.sh
-- Symlinking: /home/lolsondre/dat160_semesterproject/install/scoring_interfaces/share/scoring_interfaces/local_setup.zsh
-- Symlinking: /home/lolsondre/dat160_semesterproject/install/scoring_interfaces/share/scoring_interfaces/local_setup.dsv
-- Symlinking: /home/lolsondre/dat160_semesterproject/install/scoring_interfaces/share/scoring_interfaces/package.dsv
-- Symlinking: /home/lolsondre/dat160_semesterproject/install/scoring_interfaces/share/ament_index/resource_index/packages/scoring_interfaces
-- Symlinking: /home/lolsondre/dat160_semesterproject/install/scoring_interfaces/share/scoring_interfaces/cmake/rosidl_cmake-extras.cmake
-- Symlinking: /home/lolsondre/dat160_semesterproject/install/scoring_interfaces/share/scoring_interfaces/cmake/ament_cmake_export_dependencies-extras.cmake
-- Symlinking: /home/lolsondre/dat160_semesterproject/install/scoring_interfaces/share/scoring_interfaces/cmake/ament_cmake_export_libraries-extras.cmake
-- Symlinking: /home/lolsondre/dat160_semesterproject/install/scoring_interfaces/share/scoring_interfaces/cmake/ament_cmake_export_targets-extras.cmake
-- Symlinking: /home/lolsondre/dat160_semesterproject/install/scoring_interfaces/share/scoring_interfaces/cmake/ament_cmake_export_include_directories-extras.cmake
-- Symlinking: /home/lolsondre/dat160_semesterproject/install/scoring_interfaces/share/scoring_interfaces/cmake/rosidl_cmake_export_typesupport_libraries-extras.cmake
-- Symlinking: /home/lolsondre/dat160_semesterproject/install/scoring_interfaces/share/scoring_interfaces/cmake/rosidl_cmake_export_typesupport_targets-extras.cmake
-- Symlinking: /home/lolsondre/dat160_semesterproject/install/scoring_interfaces/share/scoring_interfaces/cmake/scoring_interfacesConfig.cmake
-- Symlinking: /home/lolsondre/dat160_semesterproject/install/scoring_interfaces/share/scoring_interfaces/cmake/scoring_interfacesConfig-version.cmake
-- Symlinking: /home/lolsondre/dat160_semesterproject/install/scoring_interfaces/share/scoring_interfaces/package.xml
-- Installing: /home/lolsondre/dat160_semesterproject/install/scoring_interfaces/lib/libscoring_interfaces__rosidl_generator_c.so
-- Set runtime path of "/home/lolsondre/dat160_semesterproject/install/scoring_interfaces/lib/libscoring_interfaces__rosidl_generator_c.so" to ""
-- Installing: /home/lolsondre/dat160_semesterproject/install/scoring_interfaces/lib/libscoring_interfaces__rosidl_typesupport_introspection_c.so
-- Set runtime path of "/home/lolsondre/dat160_semesterproject/install/scoring_interfaces/lib/libscoring_interfaces__rosidl_typesupport_introspection_c.so" to ""
-- Installing: /home/lolsondre/dat160_semesterproject/install/scoring_interfaces/lib/libscoring_interfaces__rosidl_typesupport_c.so
-- Set runtime path of "/home/lolsondre/dat160_semesterproject/install/scoring_interfaces/lib/libscoring_interfaces__rosidl_typesupport_c.so" to ""
-- Installing: /home/lolsondre/dat160_semesterproject/install/scoring_interfaces/lib/libscoring_interfaces__rosidl_typesupport_introspection_cpp.so
-- Set runtime path of "/home/lolsondre/dat160_semesterproject/install/scoring_interfaces/lib/libscoring_interfaces__rosidl_typesupport_introspection_cpp.so" to ""
-- Installing: /home/lolsondre/dat160_semesterproject/install/scoring_interfaces/lib/libscoring_interfaces__rosidl_typesupport_cpp.so
-- Set runtime path of "/home/lolsondre/dat160_semesterproject/install/scoring_interfaces/lib/libscoring_interfaces__rosidl_typesupport_cpp.so" to ""
Compiling '/home/lolsondre/dat160_semesterproject/install/scoring_interfaces/lib/python3.8/site-packages/scoring_interfaces/__init__.py'...
-- Installing: /home/lolsondre/dat160_semesterproject/install/scoring_interfaces/share/scoring_interfaces/cmake/scoring_interfaces__rosidl_generator_cExport.cmake
-- Installing: /home/lolsondre/dat160_semesterproject/install/scoring_interfaces/share/scoring_interfaces/cmake/scoring_interfaces__rosidl_generator_cExport-noconfig.cmake
-- Installing: /home/lolsondre/dat160_semesterproject/install/scoring_interfaces/share/scoring_interfaces/cmake/scoring_interfaces__rosidl_typesupport_introspection_cExport.cmake
-- Installing: /home/lolsondre/dat160_semesterproject/install/scoring_interfaces/share/scoring_interfaces/cmake/scoring_interfaces__rosidl_typesupport_introspection_cExport-noconfig.cmake
-- Installing: /home/lolsondre/dat160_semesterproject/install/scoring_interfaces/share/scoring_interfaces/cmake/scoring_interfaces__rosidl_typesupport_cExport.cmake
-- Installing: /home/lolsondre/dat160_semesterproject/install/scoring_interfaces/share/scoring_interfaces/cmake/scoring_interfaces__rosidl_typesupport_cExport-noconfig.cmake
-- Installing: /home/lolsondre/dat160_semesterproject/install/scoring_interfaces/share/scoring_interfaces/cmake/scoring_interfaces__rosidl_generator_cppExport.cmake
-- Installing: /home/lolsondre/dat160_semesterproject/install/scoring_interfaces/share/scoring_interfaces/cmake/scoring_interfaces__rosidl_typesupport_introspection_cppExport.cmake
-- Installing: /home/lolsondre/dat160_semesterproject/install/scoring_interfaces/share/scoring_interfaces/cmake/scoring_interfaces__rosidl_typesupport_introspection_cppExport-noconfig.cmake
-- Installing: /home/lolsondre/dat160_semesterproject/install/scoring_interfaces/share/scoring_interfaces/cmake/scoring_interfaces__rosidl_typesupport_cppExport.cmake
-- Installing: /home/lolsondre/dat160_semesterproject/install/scoring_interfaces/share/scoring_interfaces/cmake/scoring_interfaces__rosidl_typesupport_cppExport-noconfig.cmake
