[0.005s] Invoking command in '/home/lolsondre/dat160_semesterproject/build/scoring_interfaces': CMAKE_PREFIX_PATH=${CMAKE_PREFIX_PATH}:/home/lolsondre/dat160_semesterproject/install/scoring:/home/lolsondre/dat160_semesterproject/install/ros2_aruco:/home/lolsondre/dat160_semesterproject/install/multi_robot_challenge_23:/home/lolsondre/dat160_semesterproject/install/bug2_navigation:/opt/ros/foxy /usr/bin/cmake /home/lolsondre/dat160_semesterproject/src/multi_robot_scoring/scoring_interfaces -DAMENT_CMAKE_SYMLINK_INSTALL=1 -DCMAKE_INSTALL_PREFIX=/home/lolsondre/dat160_semesterproject/install/scoring_interfaces
[0.045s] -- The C compiler identification is GNU 9.4.0
[0.075s] -- The CXX compiler identification is GNU 9.4.0
[0.077s] -- Check for working C compiler: /usr/bin/cc
[0.123s] -- Check for working C compiler: /usr/bin/cc -- works
[0.123s] -- Detecting C compiler ABI info
[0.159s] -- Detecting C compiler ABI info - done
[0.164s] -- Detecting C compile features
[0.164s] -- Detecting C compile features - done
[0.165s] -- Check for working CXX compiler: /usr/bin/c++
[0.214s] -- Check for working CXX compiler: /usr/bin/c++ -- works
[0.214s] -- Detecting CXX compiler ABI info
[0.257s] -- Detecting CXX compiler ABI info - done
[0.269s] -- Detecting CXX compile features
[0.269s] -- Detecting CXX compile features - done
[0.269s] -- Found ament_cmake: 0.9.12 (/opt/ros/foxy/share/ament_cmake/cmake)
[0.284s] -- Found PythonInterp: /usr/bin/python3 (found suitable version "3.8.10", minimum required is "3") 
[0.284s] -- Using PYTHON_EXECUTABLE: /usr/bin/python3
[0.362s] -- Override CMake install command with custom implementation using symlinks instead of copying resources
[0.378s] -- Found geometry_msgs: 2.0.5 (/opt/ros/foxy/share/geometry_msgs/cmake)
[0.397s] -- Using all available rosidl_typesupport_c: rosidl_typesupport_fastrtps_c;rosidl_typesupport_introspection_c
[0.402s] -- Found rosidl_adapter: 1.3.1 (/opt/ros/foxy/share/rosidl_adapter/cmake)
[0.450s] -- Found OpenSSL: /usr/lib/aarch64-linux-gnu/libcrypto.so (found version "1.1.1f")  
[0.468s] -- Found FastRTPS: /opt/ros/foxy/include  
[0.512s] -- Using all available rosidl_typesupport_cpp: rosidl_typesupport_fastrtps_cpp;rosidl_typesupport_introspection_cpp
[0.559s] -- Found rosidl_default_generators: 1.0.1 (/opt/ros/foxy/share/rosidl_default_generators/cmake)
[0.582s] -- Found PythonInterp: /usr/bin/python3 (found version "3.8.10") 
[0.671s] -- Found ament_cmake_ros: 0.9.2 (/opt/ros/foxy/share/ament_cmake_ros/cmake)
[0.801s] -- Using all available rosidl_typesupport_c: rosidl_typesupport_fastrtps_c;rosidl_typesupport_introspection_c
[0.852s] -- Using all available rosidl_typesupport_cpp: rosidl_typesupport_fastrtps_cpp;rosidl_typesupport_introspection_cpp
[0.869s] -- Found PythonInterp: /usr/bin/python3 (found suitable version "3.8.10", minimum required is "3.5") 
[0.870s] -- Found python_cmake_module: 0.8.1 (/opt/ros/foxy/share/python_cmake_module/cmake)
[0.886s] -- Found PythonLibs: /usr/lib/aarch64-linux-gnu/libpython3.8.so (found suitable version "3.8.10", minimum required is "3.5") 
[0.886s] -- Using PYTHON_EXECUTABLE: /usr/bin/python3
[0.886s] -- Using PYTHON_INCLUDE_DIRS: /usr/include/python3.8
[0.886s] -- Using PYTHON_LIBRARIES: /usr/lib/aarch64-linux-gnu/libpython3.8.so
[0.899s] -- Found PythonExtra: .so  
[0.941s] -- Found ament_lint_auto: 0.9.8 (/opt/ros/foxy/share/ament_lint_auto/cmake)
[0.955s] -- Added test 'copyright' to check source files copyright and LICENSE
[0.955s] -- Added test 'lint_cmake' to check CMake code style
[0.956s] -- Added test 'xmllint' to check XML markup files
[0.959s] -- Configuring done
[0.984s] -- Generating done
[0.985s] -- Build files have been written to: /home/lolsondre/dat160_semesterproject/build/scoring_interfaces
[0.991s] Invoked command in '/home/lolsondre/dat160_semesterproject/build/scoring_interfaces' returned '0': CMAKE_PREFIX_PATH=${CMAKE_PREFIX_PATH}:/home/lolsondre/dat160_semesterproject/install/scoring:/home/lolsondre/dat160_semesterproject/install/ros2_aruco:/home/lolsondre/dat160_semesterproject/install/multi_robot_challenge_23:/home/lolsondre/dat160_semesterproject/install/bug2_navigation:/opt/ros/foxy /usr/bin/cmake /home/lolsondre/dat160_semesterproject/src/multi_robot_scoring/scoring_interfaces -DAMENT_CMAKE_SYMLINK_INSTALL=1 -DCMAKE_INSTALL_PREFIX=/home/lolsondre/dat160_semesterproject/install/scoring_interfaces
[0.991s] Invoking command in '/home/lolsondre/dat160_semesterproject/build/scoring_interfaces': CMAKE_PREFIX_PATH=${CMAKE_PREFIX_PATH}:/home/lolsondre/dat160_semesterproject/install/scoring:/home/lolsondre/dat160_semesterproject/install/ros2_aruco:/home/lolsondre/dat160_semesterproject/install/multi_robot_challenge_23:/home/lolsondre/dat160_semesterproject/install/bug2_navigation:/opt/ros/foxy /usr/bin/cmake --build /home/lolsondre/dat160_semesterproject/build/scoring_interfaces -- -j2 -l2
[1.011s] [35m[1mScanning dependencies of target scoring_interfaces__cpp[0m
[1.011s] [  3%] [34m[1mGenerating C code for ROS interfaces[0m
[1.016s] [  6%] [34m[1mGenerating C++ code for ROS interfaces[0m
[1.142s] [35m[1mScanning dependencies of target scoring_interfaces__rosidl_generator_c[0m
[1.145s] [  6%] Built target scoring_interfaces__cpp
[1.149s] [  9%] [32mBuilding C object CMakeFiles/scoring_interfaces__rosidl_generator_c.dir/rosidl_generator_c/scoring_interfaces/srv/detail/set_marker_position__functions.c.o[0m
[1.151s] [ 12%] [34m[1mGenerating C++ type support dispatch for ROS interfaces[0m
[1.178s] [ 16%] [32m[1mLinking C shared library libscoring_interfaces__rosidl_generator_c.so[0m
[1.195s] [ 16%] Built target scoring_interfaces__rosidl_generator_c
[1.200s] [ 19%] [34m[1mGenerating C++ type support for eProsima Fast-RTPS[0m
[1.253s] [35m[1mScanning dependencies of target scoring_interfaces__rosidl_typesupport_cpp[0m
[1.259s] [ 22%] [32mBuilding CXX object CMakeFiles/scoring_interfaces__rosidl_typesupport_cpp.dir/rosidl_typesupport_cpp/scoring_interfaces/srv/set_marker_position__type_support.cpp.o[0m
[1.312s] [35m[1mScanning dependencies of target scoring_interfaces__rosidl_typesupport_fastrtps_cpp[0m
[1.323s] [ 25%] [32mBuilding CXX object CMakeFiles/scoring_interfaces__rosidl_typesupport_fastrtps_cpp.dir/rosidl_typesupport_fastrtps_cpp/scoring_interfaces/srv/detail/dds_fastrtps/set_marker_position__type_support.cpp.o[0m
[1.381s] [ 29%] [32m[1mLinking CXX shared library libscoring_interfaces__rosidl_typesupport_cpp.so[0m
[1.400s] [ 29%] Built target scoring_interfaces__rosidl_typesupport_cpp
[1.405s] [ 32%] [34m[1mGenerating C++ introspection for ROS interfaces[0m
[1.499s] [ 35%] [32m[1mLinking CXX shared library libscoring_interfaces__rosidl_typesupport_fastrtps_cpp.so[0m
[1.513s] [35m[1mScanning dependencies of target scoring_interfaces__rosidl_typesupport_introspection_cpp[0m
[1.520s] [ 38%] [32mBuilding CXX object CMakeFiles/scoring_interfaces__rosidl_typesupport_introspection_cpp.dir/rosidl_typesupport_introspection_cpp/scoring_interfaces/srv/detail/set_marker_position__type_support.cpp.o[0m
[1.538s] [ 38%] Built target scoring_interfaces__rosidl_typesupport_fastrtps_cpp
[1.544s] [ 41%] [34m[1mGenerating C type support dispatch for ROS interfaces[0m
[1.643s] [ 45%] [32m[1mLinking CXX shared library libscoring_interfaces__rosidl_typesupport_introspection_cpp.so[0m
[1.643s] [35m[1mScanning dependencies of target scoring_interfaces__rosidl_typesupport_c[0m
[1.649s] [ 48%] [32mBuilding CXX object CMakeFiles/scoring_interfaces__rosidl_typesupport_c.dir/rosidl_typesupport_c/scoring_interfaces/srv/set_marker_position__type_support.cpp.o[0m
[1.666s] [ 51%] [32m[1mLinking CXX shared library libscoring_interfaces__rosidl_typesupport_c.so[0m
[1.672s] [ 51%] Built target scoring_interfaces__rosidl_typesupport_introspection_cpp
[1.677s] [ 54%] [34m[1mGenerating C introspection for ROS interfaces[0m
[1.687s] [ 54%] Built target scoring_interfaces__rosidl_typesupport_c
[1.693s] [ 58%] [34m[1mGenerating C type support for eProsima Fast-RTPS[0m
[1.790s] [35m[1mScanning dependencies of target scoring_interfaces__rosidl_typesupport_introspection_c[0m
[1.797s] [ 61%] [32mBuilding C object CMakeFiles/scoring_interfaces__rosidl_typesupport_introspection_c.dir/rosidl_typesupport_introspection_c/scoring_interfaces/srv/detail/set_marker_position__type_support.c.o[0m
[1.810s] [35m[1mScanning dependencies of target scoring_interfaces__rosidl_typesupport_fastrtps_c[0m
[1.816s] [ 64%] [32m[1mLinking C shared library libscoring_interfaces__rosidl_typesupport_introspection_c.so[0m
[1.823s] [ 67%] [32mBuilding CXX object CMakeFiles/scoring_interfaces__rosidl_typesupport_fastrtps_c.dir/rosidl_typesupport_fastrtps_c/scoring_interfaces/srv/detail/set_marker_position__type_support_c.cpp.o[0m
[1.830s] [ 67%] Built target scoring_interfaces__rosidl_typesupport_introspection_c
[1.980s] [ 70%] [32m[1mLinking CXX shared library libscoring_interfaces__rosidl_typesupport_fastrtps_c.so[0m
[2.019s] [ 70%] Built target scoring_interfaces__rosidl_typesupport_fastrtps_c
[2.023s] [35m[1mScanning dependencies of target scoring_interfaces[0m
[2.028s] [ 70%] Built target scoring_interfaces
[2.032s] [35m[1mScanning dependencies of target scoring_interfaces__py[0m
[2.038s] [ 74%] [34m[1mGenerating Python code for ROS interfaces[0m
[2.231s] [ 74%] Built target scoring_interfaces__py
[2.236s] [35m[1mScanning dependencies of target scoring_interfaces__python[0m
[2.245s] [ 77%] [32mBuilding C object CMakeFiles/scoring_interfaces__python.dir/rosidl_generator_py/scoring_interfaces/srv/_set_marker_position_s.c.o[0m
[2.289s] [ 80%] [32m[1mLinking C shared library rosidl_generator_py/scoring_interfaces/libscoring_interfaces__python.so[0m
[2.308s] [ 80%] Built target scoring_interfaces__python
[2.313s] [35m[1mScanning dependencies of target scoring_interfaces__rosidl_typesupport_c__pyext[0m
[2.313s] [35m[1mScanning dependencies of target scoring_interfaces__rosidl_typesupport_fastrtps_c__pyext[0m
[2.324s] [ 83%] [32mBuilding C object CMakeFiles/scoring_interfaces__rosidl_typesupport_c__pyext.dir/rosidl_generator_py/scoring_interfaces/_scoring_interfaces_s.ep.rosidl_typesupport_c.c.o[0m
[2.324s] [ 87%] [32mBuilding C object CMakeFiles/scoring_interfaces__rosidl_typesupport_fastrtps_c__pyext.dir/rosidl_generator_py/scoring_interfaces/_scoring_interfaces_s.ep.rosidl_typesupport_fastrtps_c.c.o[0m
[2.363s] [ 90%] [32m[1mLinking C shared library rosidl_generator_py/scoring_interfaces/scoring_interfaces_s__rosidl_typesupport_c.cpython-38-aarch64-linux-gnu.so[0m
[2.363s] [ 93%] [32m[1mLinking CXX shared library rosidl_generator_py/scoring_interfaces/scoring_interfaces_s__rosidl_typesupport_fastrtps_c.cpython-38-aarch64-linux-gnu.so[0m
[2.383s] [ 93%] Built target scoring_interfaces__rosidl_typesupport_c__pyext
[2.388s] [35m[1mScanning dependencies of target scoring_interfaces__rosidl_typesupport_introspection_c__pyext[0m
[2.397s] [ 93%] Built target scoring_interfaces__rosidl_typesupport_fastrtps_c__pyext
[2.399s] [ 96%] [32mBuilding C object CMakeFiles/scoring_interfaces__rosidl_typesupport_introspection_c__pyext.dir/rosidl_generator_py/scoring_interfaces/_scoring_interfaces_s.ep.rosidl_typesupport_introspection_c.c.o[0m
[2.440s] [100%] [32m[1mLinking C shared library rosidl_generator_py/scoring_interfaces/scoring_interfaces_s__rosidl_typesupport_introspection_c.cpython-38-aarch64-linux-gnu.so[0m
[2.459s] [100%] Built target scoring_interfaces__rosidl_typesupport_introspection_c__pyext
[2.467s] Invoked command in '/home/lolsondre/dat160_semesterproject/build/scoring_interfaces' returned '0': CMAKE_PREFIX_PATH=${CMAKE_PREFIX_PATH}:/home/lolsondre/dat160_semesterproject/install/scoring:/home/lolsondre/dat160_semesterproject/install/ros2_aruco:/home/lolsondre/dat160_semesterproject/install/multi_robot_challenge_23:/home/lolsondre/dat160_semesterproject/install/bug2_navigation:/opt/ros/foxy /usr/bin/cmake --build /home/lolsondre/dat160_semesterproject/build/scoring_interfaces -- -j2 -l2
[2.493s] Invoking command in '/home/lolsondre/dat160_semesterproject/build/scoring_interfaces': CMAKE_PREFIX_PATH=${CMAKE_PREFIX_PATH}:/home/lolsondre/dat160_semesterproject/install/scoring:/home/lolsondre/dat160_semesterproject/install/ros2_aruco:/home/lolsondre/dat160_semesterproject/install/multi_robot_challenge_23:/home/lolsondre/dat160_semesterproject/install/bug2_navigation:/opt/ros/foxy /usr/bin/cmake --install /home/lolsondre/dat160_semesterproject/build/scoring_interfaces
[2.497s] -- Install configuration: ""
[2.498s] -- Execute custom install script
[2.498s] -- Symlinking: /home/lolsondre/dat160_semesterproject/install/scoring_interfaces/share/ament_index/resource_index/rosidl_interfaces/scoring_interfaces
[2.502s] -- Symlinking: /home/lolsondre/dat160_semesterproject/install/scoring_interfaces/include/scoring_interfaces/msg/rosidl_generator_c__visibility_control.h
[2.506s] -- Symlinking: /home/lolsondre/dat160_semesterproject/install/scoring_interfaces/include/scoring_interfaces/srv/detail/set_marker_position__functions.h
[2.510s] -- Symlinking: /home/lolsondre/dat160_semesterproject/install/scoring_interfaces/include/scoring_interfaces/srv/detail/set_marker_position__struct.h
[2.513s] -- Symlinking: /home/lolsondre/dat160_semesterproject/install/scoring_interfaces/include/scoring_interfaces/srv/detail/set_marker_position__type_support.h
[2.517s] -- Symlinking: /home/lolsondre/dat160_semesterproject/install/scoring_interfaces/include/scoring_interfaces/srv/set_marker_position.h
[2.521s] -- Symlinking: /home/lolsondre/dat160_semesterproject/install/scoring_interfaces/share/scoring_interfaces/environment/library_path.sh
[2.524s] -- Symlinking: /home/lolsondre/dat160_semesterproject/install/scoring_interfaces/share/scoring_interfaces/environment/library_path.dsv
[2.528s] -- Symlinking: /home/lolsondre/dat160_semesterproject/install/scoring_interfaces/include/scoring_interfaces/msg/rosidl_typesupport_fastrtps_c__visibility_control.h
[2.532s] -- Symlinking: /home/lolsondre/dat160_semesterproject/install/scoring_interfaces/include/scoring_interfaces/srv/detail/set_marker_position__rosidl_typesupport_fastrtps_c.h
[2.536s] -- Symlinking: /home/lolsondre/dat160_semesterproject/install/scoring_interfaces/lib/libscoring_interfaces__rosidl_typesupport_fastrtps_c.so
[2.540s] -- Symlinking: /home/lolsondre/dat160_semesterproject/install/scoring_interfaces/include/scoring_interfaces/msg/rosidl_typesupport_fastrtps_cpp__visibility_control.h
[2.544s] -- Symlinking: /home/lolsondre/dat160_semesterproject/install/scoring_interfaces/include/scoring_interfaces/srv/detail/set_marker_position__rosidl_typesupport_fastrtps_cpp.hpp
[2.548s] -- Symlinking: /home/lolsondre/dat160_semesterproject/install/scoring_interfaces/lib/libscoring_interfaces__rosidl_typesupport_fastrtps_cpp.so
[2.552s] -- Symlinking: /home/lolsondre/dat160_semesterproject/install/scoring_interfaces/include/scoring_interfaces/msg/rosidl_typesupport_introspection_c__visibility_control.h
[2.556s] -- Symlinking: /home/lolsondre/dat160_semesterproject/install/scoring_interfaces/include/scoring_interfaces/srv/detail/set_marker_position__rosidl_typesupport_introspection_c.h
[2.560s] -- Symlinking: /home/lolsondre/dat160_semesterproject/install/scoring_interfaces/include/scoring_interfaces/msg/rosidl_generator_cpp__visibility_control.hpp
[2.564s] -- Symlinking: /home/lolsondre/dat160_semesterproject/install/scoring_interfaces/include/scoring_interfaces/srv/detail/set_marker_position__builder.hpp
[2.567s] -- Symlinking: /home/lolsondre/dat160_semesterproject/install/scoring_interfaces/include/scoring_interfaces/srv/detail/set_marker_position__struct.hpp
[2.571s] -- Symlinking: /home/lolsondre/dat160_semesterproject/install/scoring_interfaces/include/scoring_interfaces/srv/detail/set_marker_position__traits.hpp
[2.574s] -- Symlinking: /home/lolsondre/dat160_semesterproject/install/scoring_interfaces/include/scoring_interfaces/srv/detail/set_marker_position__type_support.hpp
[2.578s] -- Symlinking: /home/lolsondre/dat160_semesterproject/install/scoring_interfaces/include/scoring_interfaces/srv/set_marker_position.hpp
[2.581s] -- Symlinking: /home/lolsondre/dat160_semesterproject/install/scoring_interfaces/include/scoring_interfaces/srv/detail/set_marker_position__rosidl_typesupport_introspection_cpp.hpp
[2.585s] -- Symlinking: /home/lolsondre/dat160_semesterproject/install/scoring_interfaces/share/scoring_interfaces/environment/pythonpath.sh
[2.589s] -- Symlinking: /home/lolsondre/dat160_semesterproject/install/scoring_interfaces/share/scoring_interfaces/environment/pythonpath.dsv
[2.592s] -- Symlinking: /home/lolsondre/dat160_semesterproject/install/scoring_interfaces/lib/python3.8/site-packages/scoring_interfaces/__init__.py
[2.596s] -- Symlinking: /home/lolsondre/dat160_semesterproject/install/scoring_interfaces/lib/python3.8/site-packages/scoring_interfaces/srv/__init__.py
[2.600s] -- Symlinking: /home/lolsondre/dat160_semesterproject/install/scoring_interfaces/lib/python3.8/site-packages/scoring_interfaces/srv/_set_marker_position.py
[2.604s] -- Symlinking: /home/lolsondre/dat160_semesterproject/install/scoring_interfaces/lib/python3.8/site-packages/scoring_interfaces/scoring_interfaces_s__rosidl_typesupport_fastrtps_c.cpython-38-aarch64-linux-gnu.so
[2.608s] -- Symlinking: /home/lolsondre/dat160_semesterproject/install/scoring_interfaces/lib/python3.8/site-packages/scoring_interfaces/scoring_interfaces_s__rosidl_typesupport_introspection_c.cpython-38-aarch64-linux-gnu.so
[2.612s] -- Symlinking: /home/lolsondre/dat160_semesterproject/install/scoring_interfaces/lib/python3.8/site-packages/scoring_interfaces/scoring_interfaces_s__rosidl_typesupport_c.cpython-38-aarch64-linux-gnu.so
[2.617s] -- Symlinking: /home/lolsondre/dat160_semesterproject/install/scoring_interfaces/lib/libscoring_interfaces__python.so
[2.621s] -- Symlinking: /home/lolsondre/dat160_semesterproject/install/scoring_interfaces/share/scoring_interfaces/srv/SetMarkerPosition.idl
[2.626s] -- Symlinking: /home/lolsondre/dat160_semesterproject/install/scoring_interfaces/share/scoring_interfaces/srv/SetMarkerPosition.srv
[2.630s] -- Symlinking: /home/lolsondre/dat160_semesterproject/install/scoring_interfaces/share/scoring_interfaces/srv/SetMarkerPosition_Request.msg
[2.635s] -- Symlinking: /home/lolsondre/dat160_semesterproject/install/scoring_interfaces/share/scoring_interfaces/srv/SetMarkerPosition_Response.msg
[2.639s] -- Symlinking: /home/lolsondre/dat160_semesterproject/install/scoring_interfaces/share/ament_index/resource_index/package_run_dependencies/scoring_interfaces
[2.643s] -- Symlinking: /home/lolsondre/dat160_semesterproject/install/scoring_interfaces/share/ament_index/resource_index/parent_prefix_path/scoring_interfaces
[2.647s] -- Symlinking: /home/lolsondre/dat160_semesterproject/install/scoring_interfaces/share/scoring_interfaces/environment/ament_prefix_path.sh
[2.650s] -- Symlinking: /home/lolsondre/dat160_semesterproject/install/scoring_interfaces/share/scoring_interfaces/environment/ament_prefix_path.dsv
[2.654s] -- Symlinking: /home/lolsondre/dat160_semesterproject/install/scoring_interfaces/share/scoring_interfaces/environment/path.sh
[2.659s] -- Symlinking: /home/lolsondre/dat160_semesterproject/install/scoring_interfaces/share/scoring_interfaces/environment/path.dsv
[2.663s] -- Symlinking: /home/lolsondre/dat160_semesterproject/install/scoring_interfaces/share/scoring_interfaces/local_setup.bash
[2.667s] -- Symlinking: /home/lolsondre/dat160_semesterproject/install/scoring_interfaces/share/scoring_interfaces/local_setup.sh
[2.671s] -- Symlinking: /home/lolsondre/dat160_semesterproject/install/scoring_interfaces/share/scoring_interfaces/local_setup.zsh
[2.675s] -- Symlinking: /home/lolsondre/dat160_semesterproject/install/scoring_interfaces/share/scoring_interfaces/local_setup.dsv
[2.679s] -- Symlinking: /home/lolsondre/dat160_semesterproject/install/scoring_interfaces/share/scoring_interfaces/package.dsv
[2.682s] -- Symlinking: /home/lolsondre/dat160_semesterproject/install/scoring_interfaces/share/ament_index/resource_index/packages/scoring_interfaces
[2.686s] -- Symlinking: /home/lolsondre/dat160_semesterproject/install/scoring_interfaces/share/scoring_interfaces/cmake/rosidl_cmake-extras.cmake
[2.690s] -- Symlinking: /home/lolsondre/dat160_semesterproject/install/scoring_interfaces/share/scoring_interfaces/cmake/ament_cmake_export_dependencies-extras.cmake
[2.694s] -- Symlinking: /home/lolsondre/dat160_semesterproject/install/scoring_interfaces/share/scoring_interfaces/cmake/ament_cmake_export_libraries-extras.cmake
[2.697s] -- Symlinking: /home/lolsondre/dat160_semesterproject/install/scoring_interfaces/share/scoring_interfaces/cmake/ament_cmake_export_targets-extras.cmake
[2.701s] -- Symlinking: /home/lolsondre/dat160_semesterproject/install/scoring_interfaces/share/scoring_interfaces/cmake/ament_cmake_export_include_directories-extras.cmake
[2.704s] -- Symlinking: /home/lolsondre/dat160_semesterproject/install/scoring_interfaces/share/scoring_interfaces/cmake/rosidl_cmake_export_typesupport_libraries-extras.cmake
[2.708s] -- Symlinking: /home/lolsondre/dat160_semesterproject/install/scoring_interfaces/share/scoring_interfaces/cmake/rosidl_cmake_export_typesupport_targets-extras.cmake
[2.712s] -- Symlinking: /home/lolsondre/dat160_semesterproject/install/scoring_interfaces/share/scoring_interfaces/cmake/scoring_interfacesConfig.cmake
[2.715s] -- Symlinking: /home/lolsondre/dat160_semesterproject/install/scoring_interfaces/share/scoring_interfaces/cmake/scoring_interfacesConfig-version.cmake
[2.719s] -- Symlinking: /home/lolsondre/dat160_semesterproject/install/scoring_interfaces/share/scoring_interfaces/package.xml
[2.723s] -- Installing: /home/lolsondre/dat160_semesterproject/install/scoring_interfaces/lib/libscoring_interfaces__rosidl_generator_c.so
[2.723s] -- Set runtime path of "/home/lolsondre/dat160_semesterproject/install/scoring_interfaces/lib/libscoring_interfaces__rosidl_generator_c.so" to ""
[2.723s] -- Installing: /home/lolsondre/dat160_semesterproject/install/scoring_interfaces/lib/libscoring_interfaces__rosidl_typesupport_introspection_c.so
[2.723s] -- Set runtime path of "/home/lolsondre/dat160_semesterproject/install/scoring_interfaces/lib/libscoring_interfaces__rosidl_typesupport_introspection_c.so" to ""
[2.723s] -- Installing: /home/lolsondre/dat160_semesterproject/install/scoring_interfaces/lib/libscoring_interfaces__rosidl_typesupport_c.so
[2.723s] -- Set runtime path of "/home/lolsondre/dat160_semesterproject/install/scoring_interfaces/lib/libscoring_interfaces__rosidl_typesupport_c.so" to ""
[2.723s] -- Installing: /home/lolsondre/dat160_semesterproject/install/scoring_interfaces/lib/libscoring_interfaces__rosidl_typesupport_introspection_cpp.so
[2.724s] -- Set runtime path of "/home/lolsondre/dat160_semesterproject/install/scoring_interfaces/lib/libscoring_interfaces__rosidl_typesupport_introspection_cpp.so" to ""
[2.724s] -- Installing: /home/lolsondre/dat160_semesterproject/install/scoring_interfaces/lib/libscoring_interfaces__rosidl_typesupport_cpp.so
[2.724s] -- Set runtime path of "/home/lolsondre/dat160_semesterproject/install/scoring_interfaces/lib/libscoring_interfaces__rosidl_typesupport_cpp.so" to ""
[2.741s] Compiling '/home/lolsondre/dat160_semesterproject/install/scoring_interfaces/lib/python3.8/site-packages/scoring_interfaces/__init__.py'...
[2.743s] -- Installing: /home/lolsondre/dat160_semesterproject/install/scoring_interfaces/share/scoring_interfaces/cmake/scoring_interfaces__rosidl_generator_cExport.cmake
[2.743s] -- Installing: /home/lolsondre/dat160_semesterproject/install/scoring_interfaces/share/scoring_interfaces/cmake/scoring_interfaces__rosidl_generator_cExport-noconfig.cmake
[2.743s] -- Installing: /home/lolsondre/dat160_semesterproject/install/scoring_interfaces/share/scoring_interfaces/cmake/scoring_interfaces__rosidl_typesupport_introspection_cExport.cmake
[2.743s] -- Installing: /home/lolsondre/dat160_semesterproject/install/scoring_interfaces/share/scoring_interfaces/cmake/scoring_interfaces__rosidl_typesupport_introspection_cExport-noconfig.cmake
[2.743s] -- Installing: /home/lolsondre/dat160_semesterproject/install/scoring_interfaces/share/scoring_interfaces/cmake/scoring_interfaces__rosidl_typesupport_cExport.cmake
[2.744s] -- Installing: /home/lolsondre/dat160_semesterproject/install/scoring_interfaces/share/scoring_interfaces/cmake/scoring_interfaces__rosidl_typesupport_cExport-noconfig.cmake
[2.744s] -- Installing: /home/lolsondre/dat160_semesterproject/install/scoring_interfaces/share/scoring_interfaces/cmake/scoring_interfaces__rosidl_generator_cppExport.cmake
[2.744s] -- Installing: /home/lolsondre/dat160_semesterproject/install/scoring_interfaces/share/scoring_interfaces/cmake/scoring_interfaces__rosidl_typesupport_introspection_cppExport.cmake
[2.744s] -- Installing: /home/lolsondre/dat160_semesterproject/install/scoring_interfaces/share/scoring_interfaces/cmake/scoring_interfaces__rosidl_typesupport_introspection_cppExport-noconfig.cmake
[2.744s] -- Installing: /home/lolsondre/dat160_semesterproject/install/scoring_interfaces/share/scoring_interfaces/cmake/scoring_interfaces__rosidl_typesupport_cppExport.cmake
[2.744s] -- Installing: /home/lolsondre/dat160_semesterproject/install/scoring_interfaces/share/scoring_interfaces/cmake/scoring_interfaces__rosidl_typesupport_cppExport-noconfig.cmake
[2.747s] Invoked command in '/home/lolsondre/dat160_semesterproject/build/scoring_interfaces' returned '0': CMAKE_PREFIX_PATH=${CMAKE_PREFIX_PATH}:/home/lolsondre/dat160_semesterproject/install/scoring:/home/lolsondre/dat160_semesterproject/install/ros2_aruco:/home/lolsondre/dat160_semesterproject/install/multi_robot_challenge_23:/home/lolsondre/dat160_semesterproject/install/bug2_navigation:/opt/ros/foxy /usr/bin/cmake --install /home/lolsondre/dat160_semesterproject/build/scoring_interfaces
