[0.371s] Invoking command in '/home/lolsondre/dat160_semesterproject/build/scoring': PYTHONPATH=/home/lolsondre/dat160_semesterproject/build/scoring/prefix_override:/usr/lib/python3/dist-packages/colcon_core/task/python/colcon_distutils_commands:/home/lolsondre/dat160_semesterproject/install/scoring/lib/python3.8/site-packages:${PYTHONPATH} /usr/bin/python3 -W ignore:setup.py install is deprecated setup.py develop --editable --build-directory /home/lolsondre/dat160_semesterproject/build/scoring/build --no-deps symlink_data
[0.495s] running develop
[0.541s] running egg_info
[0.541s] creating scoring.egg-info
[0.541s] writing scoring.egg-info/PKG-INFO
[0.541s] writing dependency_links to scoring.egg-info/dependency_links.txt
[0.541s] writing entry points to scoring.egg-info/entry_points.txt
[0.541s] writing requirements to scoring.egg-info/requires.txt
[0.541s] writing top-level names to scoring.egg-info/top_level.txt
[0.542s] writing manifest file 'scoring.egg-info/SOURCES.txt'
[0.557s] reading manifest file 'scoring.egg-info/SOURCES.txt'
[0.557s] writing manifest file 'scoring.egg-info/SOURCES.txt'
[0.573s] running build_ext
[0.573s] Creating /home/lolsondre/dat160_semesterproject/install/scoring/lib/python3.8/site-packages/site.py
[0.574s] Creating /home/lolsondre/dat160_semesterproject/install/scoring/lib/python3.8/site-packages/scoring.egg-link (link to .)
[0.575s] Installing scoring script to /home/lolsondre/dat160_semesterproject/install/scoring/lib/scoring
[0.575s] 
[0.575s] Installed /home/lolsondre/dat160_semesterproject/build/scoring
[0.575s] running symlink_data
[0.575s] creating /home/lolsondre/dat160_semesterproject/install/scoring/share/ament_index
[0.575s] creating /home/lolsondre/dat160_semesterproject/install/scoring/share/ament_index/resource_index
[0.575s] creating /home/lolsondre/dat160_semesterproject/install/scoring/share/ament_index/resource_index/packages
[0.575s] symbolically linking /home/lolsondre/dat160_semesterproject/build/scoring/resource/scoring -> /home/lolsondre/dat160_semesterproject/install/scoring/share/ament_index/resource_index/packages
[0.575s] symbolically linking /home/lolsondre/dat160_semesterproject/build/scoring/package.xml -> /home/lolsondre/dat160_semesterproject/install/scoring/share/scoring
[0.593s] Invoked command in '/home/lolsondre/dat160_semesterproject/build/scoring' returned '0': PYTHONPATH=/home/lolsondre/dat160_semesterproject/build/scoring/prefix_override:/usr/lib/python3/dist-packages/colcon_core/task/python/colcon_distutils_commands:/home/lolsondre/dat160_semesterproject/install/scoring/lib/python3.8/site-packages:${PYTHONPATH} /usr/bin/python3 -W ignore:setup.py install is deprecated setup.py develop --editable --build-directory /home/lolsondre/dat160_semesterproject/build/scoring/build --no-deps symlink_data
