[0.013s] Invoking command in '/home/lolsondre/dat160_semesterproject/build/ros2_aruco_interfaces': CMAKE_PREFIX_PATH=${CMAKE_PREFIX_PATH}:/home/lolsondre/dat160_semesterproject/install/scoring:/home/lolsondre/dat160_semesterproject/install/ros2_aruco:/home/lolsondre/dat160_semesterproject/install/multi_robot_challenge_23:/home/lolsondre/dat160_semesterproject/install/bug2_navigation:/opt/ros/foxy /usr/bin/cmake /home/lolsondre/dat160_semesterproject/src/ros2_aruco/ros2_aruco_interfaces -DAMENT_CMAKE_SYMLINK_INSTALL=1 -DCMAKE_INSTALL_PREFIX=/home/lolsondre/dat160_semesterproject/install/ros2_aruco_interfaces
[0.050s] -- The C compiler identification is GNU 9.4.0
[0.079s] -- The CXX compiler identification is GNU 9.4.0
[0.081s] -- Check for working C compiler: /usr/bin/cc
[0.211s] -- Check for working C compiler: /usr/bin/cc -- works
[0.211s] -- Detecting C compiler ABI info
[0.277s] -- Detecting C compiler ABI info - done
[0.283s] -- Detecting C compile features
[0.283s] -- Detecting C compile features - done
[0.284s] -- Check for working CXX compiler: /usr/bin/c++
[0.372s] -- Check for working CXX compiler: /usr/bin/c++ -- works
[0.373s] -- Detecting CXX compiler ABI info
[0.424s] -- Detecting CXX compiler ABI info - done
[0.430s] -- Detecting CXX compile features
[0.430s] -- Detecting CXX compile features - done
[0.440s] -- Found ament_cmake: 0.9.12 (/opt/ros/foxy/share/ament_cmake/cmake)
[0.473s] -- Found PythonInterp: /usr/bin/python3 (found suitable version "3.8.10", minimum required is "3") 
[0.473s] -- Using PYTHON_EXECUTABLE: /usr/bin/python3
[0.563s] -- Override CMake install command with custom implementation using symlinks instead of copying resources
[0.578s] -- Found geometry_msgs: 2.0.5 (/opt/ros/foxy/share/geometry_msgs/cmake)
[0.596s] -- Using all available rosidl_typesupport_c: rosidl_typesupport_fastrtps_c;rosidl_typesupport_introspection_c
[0.599s] -- Found rosidl_adapter: 1.3.1 (/opt/ros/foxy/share/rosidl_adapter/cmake)
[0.770s] -- Found OpenSSL: /usr/lib/aarch64-linux-gnu/libcrypto.so (found version "1.1.1f")  
[0.788s] -- Found FastRTPS: /opt/ros/foxy/include  
[0.861s] -- Using all available rosidl_typesupport_cpp: rosidl_typesupport_fastrtps_cpp;rosidl_typesupport_introspection_cpp
[0.909s] -- Found rosidl_default_generators: 1.0.1 (/opt/ros/foxy/share/rosidl_default_generators/cmake)
[0.930s] -- Found PythonInterp: /usr/bin/python3 (found version "3.8.10") 
[1.038s] -- Found ament_cmake_ros: 0.9.2 (/opt/ros/foxy/share/ament_cmake_ros/cmake)
[1.186s] -- Using all available rosidl_typesupport_c: rosidl_typesupport_fastrtps_c;rosidl_typesupport_introspection_c
[1.241s] -- Using all available rosidl_typesupport_cpp: rosidl_typesupport_fastrtps_cpp;rosidl_typesupport_introspection_cpp
[1.265s] -- Found PythonInterp: /usr/bin/python3 (found suitable version "3.8.10", minimum required is "3.5") 
[1.266s] -- Found python_cmake_module: 0.8.1 (/opt/ros/foxy/share/python_cmake_module/cmake)
[1.281s] -- Found PythonLibs: /usr/lib/aarch64-linux-gnu/libpython3.8.so (found suitable version "3.8.10", minimum required is "3.5") 
[1.282s] -- Using PYTHON_EXECUTABLE: /usr/bin/python3
[1.282s] -- Using PYTHON_INCLUDE_DIRS: /usr/include/python3.8
[1.282s] -- Using PYTHON_LIBRARIES: /usr/lib/aarch64-linux-gnu/libpython3.8.so
[1.294s] -- Found PythonExtra: .so  
[1.335s] -- Found ament_lint_auto: 0.9.8 (/opt/ros/foxy/share/ament_lint_auto/cmake)
[1.348s] -- Added test 'copyright' to check source files copyright and LICENSE
[1.349s] -- Added test 'lint_cmake' to check CMake code style
[1.349s] -- Added test 'xmllint' to check XML markup files
[1.352s] -- Configuring done
[1.377s] -- Generating done
[1.378s] -- Build files have been written to: /home/lolsondre/dat160_semesterproject/build/ros2_aruco_interfaces
[1.385s] Invoked command in '/home/lolsondre/dat160_semesterproject/build/ros2_aruco_interfaces' returned '0': CMAKE_PREFIX_PATH=${CMAKE_PREFIX_PATH}:/home/lolsondre/dat160_semesterproject/install/scoring:/home/lolsondre/dat160_semesterproject/install/ros2_aruco:/home/lolsondre/dat160_semesterproject/install/multi_robot_challenge_23:/home/lolsondre/dat160_semesterproject/install/bug2_navigation:/opt/ros/foxy /usr/bin/cmake /home/lolsondre/dat160_semesterproject/src/ros2_aruco/ros2_aruco_interfaces -DAMENT_CMAKE_SYMLINK_INSTALL=1 -DCMAKE_INSTALL_PREFIX=/home/lolsondre/dat160_semesterproject/install/ros2_aruco_interfaces
[1.385s] Invoking command in '/home/lolsondre/dat160_semesterproject/build/ros2_aruco_interfaces': CMAKE_PREFIX_PATH=${CMAKE_PREFIX_PATH}:/home/lolsondre/dat160_semesterproject/install/scoring:/home/lolsondre/dat160_semesterproject/install/ros2_aruco:/home/lolsondre/dat160_semesterproject/install/multi_robot_challenge_23:/home/lolsondre/dat160_semesterproject/install/bug2_navigation:/opt/ros/foxy /usr/bin/cmake --build /home/lolsondre/dat160_semesterproject/build/ros2_aruco_interfaces -- -j2 -l2
[1.406s] [35m[1mScanning dependencies of target ros2_aruco_interfaces__cpp[0m
[1.411s] [  3%] [34m[1mGenerating C code for ROS interfaces[0m
[1.421s] [  6%] [34m[1mGenerating C++ code for ROS interfaces[0m
[1.556s] [35m[1mScanning dependencies of target ros2_aruco_interfaces__rosidl_generator_c[0m
[1.582s] [  9%] [32mBuilding C object CMakeFiles/ros2_aruco_interfaces__rosidl_generator_c.dir/rosidl_generator_c/ros2_aruco_interfaces/msg/detail/aruco_markers__functions.c.o[0m
[1.618s] [  9%] Built target ros2_aruco_interfaces__cpp
[1.623s] [ 12%] [34m[1mGenerating C++ type support dispatch for ROS interfaces[0m
[1.624s] [ 16%] [32m[1mLinking C shared library libros2_aruco_interfaces__rosidl_generator_c.so[0m
[1.651s] [ 16%] Built target ros2_aruco_interfaces__rosidl_generator_c
[1.674s] [ 19%] [34m[1mGenerating C++ type support for eProsima Fast-RTPS[0m
[1.783s] [35m[1mScanning dependencies of target ros2_aruco_interfaces__rosidl_typesupport_cpp[0m
[1.811s] [ 22%] [32mBuilding CXX object CMakeFiles/ros2_aruco_interfaces__rosidl_typesupport_cpp.dir/rosidl_typesupport_cpp/ros2_aruco_interfaces/msg/aruco_markers__type_support.cpp.o[0m
[1.863s] [35m[1mScanning dependencies of target ros2_aruco_interfaces__rosidl_typesupport_fastrtps_cpp[0m
[1.887s] [ 25%] [32mBuilding CXX object CMakeFiles/ros2_aruco_interfaces__rosidl_typesupport_fastrtps_cpp.dir/rosidl_typesupport_fastrtps_cpp/ros2_aruco_interfaces/msg/detail/dds_fastrtps/aruco_markers__type_support.cpp.o[0m
[1.978s] [ 29%] [32m[1mLinking CXX shared library libros2_aruco_interfaces__rosidl_typesupport_cpp.so[0m
[2.038s] [ 29%] Built target ros2_aruco_interfaces__rosidl_typesupport_cpp
[2.058s] [ 32%] [34m[1mGenerating C introspection for ROS interfaces[0m
[2.190s] [ 35%] [32m[1mLinking CXX shared library libros2_aruco_interfaces__rosidl_typesupport_fastrtps_cpp.so[0m
[2.226s] [35m[1mScanning dependencies of target ros2_aruco_interfaces__rosidl_typesupport_introspection_c[0m
[2.247s] [ 38%] [32mBuilding C object CMakeFiles/ros2_aruco_interfaces__rosidl_typesupport_introspection_c.dir/rosidl_typesupport_introspection_c/ros2_aruco_interfaces/msg/detail/aruco_markers__type_support.c.o[0m
[2.248s] [ 38%] Built target ros2_aruco_interfaces__rosidl_typesupport_fastrtps_cpp
[2.254s] [ 41%] [34m[1mGenerating C++ introspection for ROS interfaces[0m
[2.286s] [ 45%] [32m[1mLinking C shared library libros2_aruco_interfaces__rosidl_typesupport_introspection_c.so[0m
[2.335s] [ 45%] Built target ros2_aruco_interfaces__rosidl_typesupport_introspection_c
[2.371s] [ 48%] [34m[1mGenerating C type support dispatch for ROS interfaces[0m
[2.384s] [35m[1mScanning dependencies of target ros2_aruco_interfaces__rosidl_typesupport_introspection_cpp[0m
[2.405s] [ 51%] [32mBuilding CXX object CMakeFiles/ros2_aruco_interfaces__rosidl_typesupport_introspection_cpp.dir/rosidl_typesupport_introspection_cpp/ros2_aruco_interfaces/msg/detail/aruco_markers__type_support.cpp.o[0m
[2.470s] [35m[1mScanning dependencies of target ros2_aruco_interfaces__rosidl_typesupport_c[0m
[2.477s] [ 54%] [32mBuilding CXX object CMakeFiles/ros2_aruco_interfaces__rosidl_typesupport_c.dir/rosidl_typesupport_c/ros2_aruco_interfaces/msg/aruco_markers__type_support.cpp.o[0m
[2.495s] [ 58%] [32m[1mLinking CXX shared library libros2_aruco_interfaces__rosidl_typesupport_c.so[0m
[2.516s] [ 58%] Built target ros2_aruco_interfaces__rosidl_typesupport_c
[2.521s] [ 61%] [34m[1mGenerating C type support for eProsima Fast-RTPS[0m
[2.586s] [ 64%] [32m[1mLinking CXX shared library libros2_aruco_interfaces__rosidl_typesupport_introspection_cpp.so[0m
[2.647s] [35m[1mScanning dependencies of target ros2_aruco_interfaces__rosidl_typesupport_fastrtps_c[0m
[2.653s] [ 64%] Built target ros2_aruco_interfaces__rosidl_typesupport_introspection_cpp
[2.662s] [ 67%] [32mBuilding CXX object CMakeFiles/ros2_aruco_interfaces__rosidl_typesupport_fastrtps_c.dir/rosidl_typesupport_fastrtps_c/ros2_aruco_interfaces/msg/detail/aruco_markers__type_support_c.cpp.o[0m
[2.811s] [ 70%] [32m[1mLinking CXX shared library libros2_aruco_interfaces__rosidl_typesupport_fastrtps_c.so[0m
[2.853s] [ 70%] Built target ros2_aruco_interfaces__rosidl_typesupport_fastrtps_c
[2.857s] [35m[1mScanning dependencies of target ros2_aruco_interfaces[0m
[2.862s] [ 70%] Built target ros2_aruco_interfaces
[2.867s] [35m[1mScanning dependencies of target ros2_aruco_interfaces__py[0m
[2.871s] [ 74%] [34m[1mGenerating Python code for ROS interfaces[0m
[3.073s] [ 74%] Built target ros2_aruco_interfaces__py
[3.077s] [35m[1mScanning dependencies of target ros2_aruco_interfaces__python[0m
[3.088s] [ 77%] [32mBuilding C object CMakeFiles/ros2_aruco_interfaces__python.dir/rosidl_generator_py/ros2_aruco_interfaces/msg/_aruco_markers_s.c.o[0m
[3.137s] [ 80%] [32m[1mLinking C shared library rosidl_generator_py/ros2_aruco_interfaces/libros2_aruco_interfaces__python.so[0m
[3.160s] [ 80%] Built target ros2_aruco_interfaces__python
[3.165s] [35m[1mScanning dependencies of target ros2_aruco_interfaces__rosidl_typesupport_c__pyext[0m
[3.171s] [35m[1mScanning dependencies of target ros2_aruco_interfaces__rosidl_typesupport_introspection_c__pyext[0m
[3.187s] [ 83%] [32mBuilding C object CMakeFiles/ros2_aruco_interfaces__rosidl_typesupport_introspection_c__pyext.dir/rosidl_generator_py/ros2_aruco_interfaces/_ros2_aruco_interfaces_s.ep.rosidl_typesupport_introspection_c.c.o[0m
[3.194s] [ 87%] [32mBuilding C object CMakeFiles/ros2_aruco_interfaces__rosidl_typesupport_c__pyext.dir/rosidl_generator_py/ros2_aruco_interfaces/_ros2_aruco_interfaces_s.ep.rosidl_typesupport_c.c.o[0m
[3.226s] [ 90%] [32m[1mLinking C shared library rosidl_generator_py/ros2_aruco_interfaces/ros2_aruco_interfaces_s__rosidl_typesupport_introspection_c.cpython-38-aarch64-linux-gnu.so[0m
[3.262s] [ 90%] Built target ros2_aruco_interfaces__rosidl_typesupport_introspection_c__pyext
[3.279s] [35m[1mScanning dependencies of target ros2_aruco_interfaces__rosidl_typesupport_fastrtps_c__pyext[0m
[3.293s] [ 93%] [32mBuilding C object CMakeFiles/ros2_aruco_interfaces__rosidl_typesupport_fastrtps_c__pyext.dir/rosidl_generator_py/ros2_aruco_interfaces/_ros2_aruco_interfaces_s.ep.rosidl_typesupport_fastrtps_c.c.o[0m
[3.294s] [ 96%] [32m[1mLinking C shared library rosidl_generator_py/ros2_aruco_interfaces/ros2_aruco_interfaces_s__rosidl_typesupport_c.cpython-38-aarch64-linux-gnu.so[0m
[3.342s] [100%] [32m[1mLinking CXX shared library rosidl_generator_py/ros2_aruco_interfaces/ros2_aruco_interfaces_s__rosidl_typesupport_fastrtps_c.cpython-38-aarch64-linux-gnu.so[0m
[3.345s] [100%] Built target ros2_aruco_interfaces__rosidl_typesupport_c__pyext
[3.379s] [100%] Built target ros2_aruco_interfaces__rosidl_typesupport_fastrtps_c__pyext
[3.386s] Invoked command in '/home/lolsondre/dat160_semesterproject/build/ros2_aruco_interfaces' returned '0': CMAKE_PREFIX_PATH=${CMAKE_PREFIX_PATH}:/home/lolsondre/dat160_semesterproject/install/scoring:/home/lolsondre/dat160_semesterproject/install/ros2_aruco:/home/lolsondre/dat160_semesterproject/install/multi_robot_challenge_23:/home/lolsondre/dat160_semesterproject/install/bug2_navigation:/opt/ros/foxy /usr/bin/cmake --build /home/lolsondre/dat160_semesterproject/build/ros2_aruco_interfaces -- -j2 -l2
[3.409s] Invoking command in '/home/lolsondre/dat160_semesterproject/build/ros2_aruco_interfaces': CMAKE_PREFIX_PATH=${CMAKE_PREFIX_PATH}:/home/lolsondre/dat160_semesterproject/install/scoring:/home/lolsondre/dat160_semesterproject/install/ros2_aruco:/home/lolsondre/dat160_semesterproject/install/multi_robot_challenge_23:/home/lolsondre/dat160_semesterproject/install/bug2_navigation:/opt/ros/foxy /usr/bin/cmake --install /home/lolsondre/dat160_semesterproject/build/ros2_aruco_interfaces
[3.415s] -- Install configuration: ""
[3.415s] -- Execute custom install script
[3.415s] -- Symlinking: /home/lolsondre/dat160_semesterproject/install/ros2_aruco_interfaces/share/ament_index/resource_index/rosidl_interfaces/ros2_aruco_interfaces
[3.421s] -- Symlinking: /home/lolsondre/dat160_semesterproject/install/ros2_aruco_interfaces/include/ros2_aruco_interfaces/msg/aruco_markers.h
[3.425s] -- Symlinking: /home/lolsondre/dat160_semesterproject/install/ros2_aruco_interfaces/include/ros2_aruco_interfaces/msg/detail/aruco_markers__functions.h
[3.428s] -- Symlinking: /home/lolsondre/dat160_semesterproject/install/ros2_aruco_interfaces/include/ros2_aruco_interfaces/msg/detail/aruco_markers__struct.h
[3.432s] -- Symlinking: /home/lolsondre/dat160_semesterproject/install/ros2_aruco_interfaces/include/ros2_aruco_interfaces/msg/detail/aruco_markers__type_support.h
[3.436s] -- Symlinking: /home/lolsondre/dat160_semesterproject/install/ros2_aruco_interfaces/include/ros2_aruco_interfaces/msg/rosidl_generator_c__visibility_control.h
[3.441s] -- Symlinking: /home/lolsondre/dat160_semesterproject/install/ros2_aruco_interfaces/share/ros2_aruco_interfaces/environment/library_path.sh
[3.445s] -- Symlinking: /home/lolsondre/dat160_semesterproject/install/ros2_aruco_interfaces/share/ros2_aruco_interfaces/environment/library_path.dsv
[3.450s] -- Symlinking: /home/lolsondre/dat160_semesterproject/install/ros2_aruco_interfaces/include/ros2_aruco_interfaces/msg/detail/aruco_markers__rosidl_typesupport_fastrtps_c.h
[3.454s] -- Symlinking: /home/lolsondre/dat160_semesterproject/install/ros2_aruco_interfaces/include/ros2_aruco_interfaces/msg/rosidl_typesupport_fastrtps_c__visibility_control.h
[3.459s] -- Symlinking: /home/lolsondre/dat160_semesterproject/install/ros2_aruco_interfaces/lib/libros2_aruco_interfaces__rosidl_typesupport_fastrtps_c.so
[3.463s] -- Symlinking: /home/lolsondre/dat160_semesterproject/install/ros2_aruco_interfaces/include/ros2_aruco_interfaces/msg/detail/aruco_markers__rosidl_typesupport_fastrtps_cpp.hpp
[3.467s] -- Symlinking: /home/lolsondre/dat160_semesterproject/install/ros2_aruco_interfaces/include/ros2_aruco_interfaces/msg/rosidl_typesupport_fastrtps_cpp__visibility_control.h
[3.472s] -- Symlinking: /home/lolsondre/dat160_semesterproject/install/ros2_aruco_interfaces/lib/libros2_aruco_interfaces__rosidl_typesupport_fastrtps_cpp.so
[3.477s] -- Symlinking: /home/lolsondre/dat160_semesterproject/install/ros2_aruco_interfaces/include/ros2_aruco_interfaces/msg/detail/aruco_markers__rosidl_typesupport_introspection_c.h
[3.481s] -- Symlinking: /home/lolsondre/dat160_semesterproject/install/ros2_aruco_interfaces/include/ros2_aruco_interfaces/msg/rosidl_typesupport_introspection_c__visibility_control.h
[3.490s] -- Symlinking: /home/lolsondre/dat160_semesterproject/install/ros2_aruco_interfaces/include/ros2_aruco_interfaces/msg/aruco_markers.hpp
[3.496s] -- Symlinking: /home/lolsondre/dat160_semesterproject/install/ros2_aruco_interfaces/include/ros2_aruco_interfaces/msg/detail/aruco_markers__builder.hpp
[3.506s] -- Symlinking: /home/lolsondre/dat160_semesterproject/install/ros2_aruco_interfaces/include/ros2_aruco_interfaces/msg/detail/aruco_markers__struct.hpp
[3.510s] -- Symlinking: /home/lolsondre/dat160_semesterproject/install/ros2_aruco_interfaces/include/ros2_aruco_interfaces/msg/detail/aruco_markers__traits.hpp
[3.513s] -- Symlinking: /home/lolsondre/dat160_semesterproject/install/ros2_aruco_interfaces/include/ros2_aruco_interfaces/msg/detail/aruco_markers__type_support.hpp
[3.520s] -- Symlinking: /home/lolsondre/dat160_semesterproject/install/ros2_aruco_interfaces/include/ros2_aruco_interfaces/msg/rosidl_generator_cpp__visibility_control.hpp
[3.525s] -- Symlinking: /home/lolsondre/dat160_semesterproject/install/ros2_aruco_interfaces/include/ros2_aruco_interfaces/msg/detail/aruco_markers__rosidl_typesupport_introspection_cpp.hpp
[3.529s] -- Symlinking: /home/lolsondre/dat160_semesterproject/install/ros2_aruco_interfaces/share/ros2_aruco_interfaces/environment/pythonpath.sh
[3.534s] -- Symlinking: /home/lolsondre/dat160_semesterproject/install/ros2_aruco_interfaces/share/ros2_aruco_interfaces/environment/pythonpath.dsv
[3.537s] -- Symlinking: /home/lolsondre/dat160_semesterproject/install/ros2_aruco_interfaces/lib/python3.8/site-packages/ros2_aruco_interfaces/__init__.py
[3.541s] -- Symlinking: /home/lolsondre/dat160_semesterproject/install/ros2_aruco_interfaces/lib/python3.8/site-packages/ros2_aruco_interfaces/msg/__init__.py
[3.546s] -- Symlinking: /home/lolsondre/dat160_semesterproject/install/ros2_aruco_interfaces/lib/python3.8/site-packages/ros2_aruco_interfaces/msg/_aruco_markers.py
[3.549s] -- Symlinking: /home/lolsondre/dat160_semesterproject/install/ros2_aruco_interfaces/lib/python3.8/site-packages/ros2_aruco_interfaces/ros2_aruco_interfaces_s__rosidl_typesupport_fastrtps_c.cpython-38-aarch64-linux-gnu.so
[3.555s] -- Symlinking: /home/lolsondre/dat160_semesterproject/install/ros2_aruco_interfaces/lib/python3.8/site-packages/ros2_aruco_interfaces/ros2_aruco_interfaces_s__rosidl_typesupport_introspection_c.cpython-38-aarch64-linux-gnu.so
[3.559s] -- Symlinking: /home/lolsondre/dat160_semesterproject/install/ros2_aruco_interfaces/lib/python3.8/site-packages/ros2_aruco_interfaces/ros2_aruco_interfaces_s__rosidl_typesupport_c.cpython-38-aarch64-linux-gnu.so
[3.563s] -- Symlinking: /home/lolsondre/dat160_semesterproject/install/ros2_aruco_interfaces/lib/libros2_aruco_interfaces__python.so
[3.567s] -- Symlinking: /home/lolsondre/dat160_semesterproject/install/ros2_aruco_interfaces/share/ros2_aruco_interfaces/msg/ArucoMarkers.idl
[3.572s] -- Symlinking: /home/lolsondre/dat160_semesterproject/install/ros2_aruco_interfaces/share/ros2_aruco_interfaces/msg/ArucoMarkers.msg
[3.576s] -- Symlinking: /home/lolsondre/dat160_semesterproject/install/ros2_aruco_interfaces/share/ament_index/resource_index/package_run_dependencies/ros2_aruco_interfaces
[3.580s] -- Symlinking: /home/lolsondre/dat160_semesterproject/install/ros2_aruco_interfaces/share/ament_index/resource_index/parent_prefix_path/ros2_aruco_interfaces
[3.584s] -- Symlinking: /home/lolsondre/dat160_semesterproject/install/ros2_aruco_interfaces/share/ros2_aruco_interfaces/environment/ament_prefix_path.sh
[3.588s] -- Symlinking: /home/lolsondre/dat160_semesterproject/install/ros2_aruco_interfaces/share/ros2_aruco_interfaces/environment/ament_prefix_path.dsv
[3.592s] -- Symlinking: /home/lolsondre/dat160_semesterproject/install/ros2_aruco_interfaces/share/ros2_aruco_interfaces/environment/path.sh
[3.596s] -- Symlinking: /home/lolsondre/dat160_semesterproject/install/ros2_aruco_interfaces/share/ros2_aruco_interfaces/environment/path.dsv
[3.599s] -- Symlinking: /home/lolsondre/dat160_semesterproject/install/ros2_aruco_interfaces/share/ros2_aruco_interfaces/local_setup.bash
[3.603s] -- Symlinking: /home/lolsondre/dat160_semesterproject/install/ros2_aruco_interfaces/share/ros2_aruco_interfaces/local_setup.sh
[3.610s] -- Symlinking: /home/lolsondre/dat160_semesterproject/install/ros2_aruco_interfaces/share/ros2_aruco_interfaces/local_setup.zsh
[3.612s] -- Symlinking: /home/lolsondre/dat160_semesterproject/install/ros2_aruco_interfaces/share/ros2_aruco_interfaces/local_setup.dsv
[3.615s] -- Symlinking: /home/lolsondre/dat160_semesterproject/install/ros2_aruco_interfaces/share/ros2_aruco_interfaces/package.dsv
[3.621s] -- Symlinking: /home/lolsondre/dat160_semesterproject/install/ros2_aruco_interfaces/share/ament_index/resource_index/packages/ros2_aruco_interfaces
[3.625s] -- Symlinking: /home/lolsondre/dat160_semesterproject/install/ros2_aruco_interfaces/share/ros2_aruco_interfaces/cmake/rosidl_cmake-extras.cmake
[3.629s] -- Symlinking: /home/lolsondre/dat160_semesterproject/install/ros2_aruco_interfaces/share/ros2_aruco_interfaces/cmake/ament_cmake_export_dependencies-extras.cmake
[3.633s] -- Symlinking: /home/lolsondre/dat160_semesterproject/install/ros2_aruco_interfaces/share/ros2_aruco_interfaces/cmake/ament_cmake_export_libraries-extras.cmake
[3.637s] -- Symlinking: /home/lolsondre/dat160_semesterproject/install/ros2_aruco_interfaces/share/ros2_aruco_interfaces/cmake/ament_cmake_export_targets-extras.cmake
[3.641s] -- Symlinking: /home/lolsondre/dat160_semesterproject/install/ros2_aruco_interfaces/share/ros2_aruco_interfaces/cmake/ament_cmake_export_include_directories-extras.cmake
[3.645s] -- Symlinking: /home/lolsondre/dat160_semesterproject/install/ros2_aruco_interfaces/share/ros2_aruco_interfaces/cmake/rosidl_cmake_export_typesupport_libraries-extras.cmake
[3.649s] -- Symlinking: /home/lolsondre/dat160_semesterproject/install/ros2_aruco_interfaces/share/ros2_aruco_interfaces/cmake/rosidl_cmake_export_typesupport_targets-extras.cmake
[3.653s] -- Symlinking: /home/lolsondre/dat160_semesterproject/install/ros2_aruco_interfaces/share/ros2_aruco_interfaces/cmake/ros2_aruco_interfacesConfig.cmake
[3.657s] -- Symlinking: /home/lolsondre/dat160_semesterproject/install/ros2_aruco_interfaces/share/ros2_aruco_interfaces/cmake/ros2_aruco_interfacesConfig-version.cmake
[3.662s] -- Symlinking: /home/lolsondre/dat160_semesterproject/install/ros2_aruco_interfaces/share/ros2_aruco_interfaces/package.xml
[3.666s] -- Installing: /home/lolsondre/dat160_semesterproject/install/ros2_aruco_interfaces/lib/libros2_aruco_interfaces__rosidl_generator_c.so
[3.666s] -- Set runtime path of "/home/lolsondre/dat160_semesterproject/install/ros2_aruco_interfaces/lib/libros2_aruco_interfaces__rosidl_generator_c.so" to ""
[3.666s] -- Installing: /home/lolsondre/dat160_semesterproject/install/ros2_aruco_interfaces/lib/libros2_aruco_interfaces__rosidl_typesupport_introspection_c.so
[3.666s] -- Set runtime path of "/home/lolsondre/dat160_semesterproject/install/ros2_aruco_interfaces/lib/libros2_aruco_interfaces__rosidl_typesupport_introspection_c.so" to ""
[3.666s] -- Installing: /home/lolsondre/dat160_semesterproject/install/ros2_aruco_interfaces/lib/libros2_aruco_interfaces__rosidl_typesupport_c.so
[3.666s] -- Set runtime path of "/home/lolsondre/dat160_semesterproject/install/ros2_aruco_interfaces/lib/libros2_aruco_interfaces__rosidl_typesupport_c.so" to ""
[3.666s] -- Installing: /home/lolsondre/dat160_semesterproject/install/ros2_aruco_interfaces/lib/libros2_aruco_interfaces__rosidl_typesupport_introspection_cpp.so
[3.667s] -- Set runtime path of "/home/lolsondre/dat160_semesterproject/install/ros2_aruco_interfaces/lib/libros2_aruco_interfaces__rosidl_typesupport_introspection_cpp.so" to ""
[3.667s] -- Installing: /home/lolsondre/dat160_semesterproject/install/ros2_aruco_interfaces/lib/libros2_aruco_interfaces__rosidl_typesupport_cpp.so
[3.667s] -- Set runtime path of "/home/lolsondre/dat160_semesterproject/install/ros2_aruco_interfaces/lib/libros2_aruco_interfaces__rosidl_typesupport_cpp.so" to ""
[3.683s] Compiling '/home/lolsondre/dat160_semesterproject/install/ros2_aruco_interfaces/lib/python3.8/site-packages/ros2_aruco_interfaces/__init__.py'...
[3.685s] -- Installing: /home/lolsondre/dat160_semesterproject/install/ros2_aruco_interfaces/share/ros2_aruco_interfaces/cmake/ros2_aruco_interfaces__rosidl_generator_cExport.cmake
[3.685s] -- Installing: /home/lolsondre/dat160_semesterproject/install/ros2_aruco_interfaces/share/ros2_aruco_interfaces/cmake/ros2_aruco_interfaces__rosidl_generator_cExport-noconfig.cmake
[3.686s] -- Installing: /home/lolsondre/dat160_semesterproject/install/ros2_aruco_interfaces/share/ros2_aruco_interfaces/cmake/ros2_aruco_interfaces__rosidl_typesupport_introspection_cExport.cmake
[3.686s] -- Installing: /home/lolsondre/dat160_semesterproject/install/ros2_aruco_interfaces/share/ros2_aruco_interfaces/cmake/ros2_aruco_interfaces__rosidl_typesupport_introspection_cExport-noconfig.cmake
[3.686s] -- Installing: /home/lolsondre/dat160_semesterproject/install/ros2_aruco_interfaces/share/ros2_aruco_interfaces/cmake/ros2_aruco_interfaces__rosidl_typesupport_cExport.cmake
[3.686s] -- Installing: /home/lolsondre/dat160_semesterproject/install/ros2_aruco_interfaces/share/ros2_aruco_interfaces/cmake/ros2_aruco_interfaces__rosidl_typesupport_cExport-noconfig.cmake
[3.686s] -- Installing: /home/lolsondre/dat160_semesterproject/install/ros2_aruco_interfaces/share/ros2_aruco_interfaces/cmake/ros2_aruco_interfaces__rosidl_generator_cppExport.cmake
[3.686s] -- Installing: /home/lolsondre/dat160_semesterproject/install/ros2_aruco_interfaces/share/ros2_aruco_interfaces/cmake/ros2_aruco_interfaces__rosidl_typesupport_introspection_cppExport.cmake
[3.686s] -- Installing: /home/lolsondre/dat160_semesterproject/install/ros2_aruco_interfaces/share/ros2_aruco_interfaces/cmake/ros2_aruco_interfaces__rosidl_typesupport_introspection_cppExport-noconfig.cmake
[3.686s] -- Installing: /home/lolsondre/dat160_semesterproject/install/ros2_aruco_interfaces/share/ros2_aruco_interfaces/cmake/ros2_aruco_interfaces__rosidl_typesupport_cppExport.cmake
[3.686s] -- Installing: /home/lolsondre/dat160_semesterproject/install/ros2_aruco_interfaces/share/ros2_aruco_interfaces/cmake/ros2_aruco_interfaces__rosidl_typesupport_cppExport-noconfig.cmake
[3.687s] Invoked command in '/home/lolsondre/dat160_semesterproject/build/ros2_aruco_interfaces' returned '0': CMAKE_PREFIX_PATH=${CMAKE_PREFIX_PATH}:/home/lolsondre/dat160_semesterproject/install/scoring:/home/lolsondre/dat160_semesterproject/install/ros2_aruco:/home/lolsondre/dat160_semesterproject/install/multi_robot_challenge_23:/home/lolsondre/dat160_semesterproject/install/bug2_navigation:/opt/ros/foxy /usr/bin/cmake --install /home/lolsondre/dat160_semesterproject/build/ros2_aruco_interfaces
